2016-02-10 19:02:56:326 - info: Welcome to Appium v1.4.16 (REV ae6877eff263066b26328d457bd285c0cc62430d)
2016-02-10 19:02:56:328 - info: Appium REST http interface listener started on 0.0.0.0:4002
2016-02-10 19:02:56:338 - info: [debug] Non-default server args: {"udid":"emulator-5558","port":4002,"bootstrapPort":2252,"log":"/Users/justin/repos/appium-mobile-grid/output/appium-emulator-5558.log","nodeconfig":"/Users/justin/repos/appium-mobile-grid/node_configs/emulator-5558.json","tmpDir":"/tmp/emulator-5558"}
2016-02-10 19:02:56:339 - info: Console LogLevel: debug
2016-02-10 19:02:56:340 - info: File LogLevel: debug
2016-02-10 19:02:56:352 - info: [debug] starting auto register thread for grid. Will try to register every 5000 ms.
2016-02-10 19:03:01:393 - info: [debug] Appium successfully registered with the grid on localhost:4444
2016-02-10 19:03:02:982 - info: --> POST /wd/hub/session {"desiredCapabilities":{"app":"/Users/justin/repos/appium-mobile-grid/NotesList.apk","platformVersion":"4.3","deviceName":"android","platformName":"ANDROID","appium-version":"1.4.16","name":"Add Note Scenarios emulator-5560","udid":"emulator-5560"}}
2016-02-10 19:03:02:985 - info: Client User-Agent string: appium/ruby_lib/8.0.2
2016-02-10 19:03:02:988 - info: [debug] The following desired capabilities were provided, but not recognized by appium. They will be passed on to any other services running on this server. : appium-version, name
2016-02-10 19:03:02:992 - info: [debug] No appActivity desired capability or server param. Parsing from apk.
2016-02-10 19:03:02:992 - info: [debug] No appPackage desired capability or server param. Parsing from apk.
2016-02-10 19:03:02:993 - info: [debug] Using local app from desired caps: /Users/justin/repos/appium-mobile-grid/NotesList.apk
2016-02-10 19:03:02:995 - info: [debug] Creating new appium session c5c202ed-4396-444d-b4ae-a6836be5a225
2016-02-10 19:03:02:996 - info: Starting android appium
2016-02-10 19:03:02:999 - info: [debug] Getting Java version
2016-02-10 19:03:03:303 - info: Java version is: 1.7.0_79
2016-02-10 19:03:03:307 - info: [debug] Checking whether adb is present
2016-02-10 19:03:03:310 - info: [debug] Using adb from /Users/justin/Library/Android/sdk/platform-tools/adb
2016-02-10 19:03:03:310 - info: [debug] Parsing package and activity from app manifest
2016-02-10 19:03:03:312 - info: [debug] Checking whether aapt is present
2016-02-10 19:03:03:313 - info: [debug] Using aapt from /Users/justin/Library/Android/sdk/build-tools/23.0.2/aapt
2016-02-10 19:03:03:313 - info: [debug] Extracting package and launch activity from manifest.
2016-02-10 19:03:03:316 - info: [debug] executing cmd: /Users/justin/Library/Android/sdk/build-tools/23.0.2/aapt dump badging /Users/justin/repos/appium-mobile-grid/NotesList.apk
2016-02-10 19:03:03:332 - info: [debug] badging package: com.example.android.notepad
2016-02-10 19:03:03:332 - info: [debug] badging act: com.example.android.notepad.NotesList
2016-02-10 19:03:03:332 - info: [debug] Parsed package and activity are: com.example.android.notepad/com.example.android.notepad.NotesList
2016-02-10 19:03:03:334 - info: [debug] Using fast reset? true
2016-02-10 19:03:03:334 - info: [debug] Preparing device for session
2016-02-10 19:03:03:335 - info: [debug] Checking whether app is actually present
2016-02-10 19:03:03:336 - info: Retrieving device
2016-02-10 19:03:03:336 - info: [debug] Trying to find a connected android device
2016-02-10 19:03:03:337 - info: [debug] Getting connected devices...
2016-02-10 19:03:03:341 - info: [debug] executing cmd: /Users/justin/Library/Android/sdk/platform-tools/adb devices
2016-02-10 19:03:03:367 - info: [debug] 5 device(s) connected
2016-02-10 19:03:03:368 - info: Found device emulator-5560
2016-02-10 19:03:03:368 - info: [debug] Setting device id to emulator-5560
2016-02-10 19:03:03:371 - info: [debug] Waiting for device to be ready and to respond to shell commands (timeout = 5)
2016-02-10 19:03:03:372 - info: [debug] executing cmd: /Users/justin/Library/Android/sdk/platform-tools/adb -s emulator-5560 wait-for-device
2016-02-10 19:03:03:391 - info: [debug] executing cmd: /Users/justin/Library/Android/sdk/platform-tools/adb -s emulator-5560 shell "echo 'ready'"
2016-02-10 19:03:03:428 - info: [debug] Starting logcat capture
2016-02-10 19:03:03:457 - info: [debug] Getting device API level
2016-02-10 19:03:03:458 - info: [debug] executing cmd: /Users/justin/Library/Android/sdk/platform-tools/adb -s emulator-5560 shell "getprop ro.build.version.sdk"
2016-02-10 19:03:04:055 - info: [debug] Device is at API Level 23
2016-02-10 19:03:04:055 - info: Device API level is: 23
2016-02-10 19:03:04:056 - info: [debug] Extracting strings for language: default
2016-02-10 19:03:04:057 - info: [debug] executing cmd: /Users/justin/Library/Android/sdk/platform-tools/adb -s emulator-5560 shell "getprop persist.sys.language"
2016-02-10 19:03:04:215 - info: [debug] Current device persist.sys.language: 
2016-02-10 19:03:04:216 - info: [debug] java -jar "/usr/local/lib/node_modules/appium/node_modules/appium-adb/jars/appium_apk_tools.jar" "stringsFromApk" "/Users/justin/repos/appium-mobile-grid/NotesList.apk" "/tmp/emulator-5558/com.example.android.notepad" 
2016-02-10 19:03:05:027 - info: [debug] Reading strings from converted strings.json
2016-02-10 19:03:05:027 - info: [debug] Setting language to default
2016-02-10 19:03:05:031 - info: [debug] executing cmd: /Users/justin/Library/Android/sdk/platform-tools/adb -s emulator-5560 push "/tmp/emulator-5558/com.example.android.notepad/strings.json" /data/local/tmp
2016-02-10 19:03:05:090 - info: [debug] Checking whether aapt is present
2016-02-10 19:03:05:091 - info: [debug] Using aapt from /Users/justin/Library/Android/sdk/build-tools/23.0.2/aapt
2016-02-10 19:03:05:093 - info: [debug] Retrieving process from manifest.
2016-02-10 19:03:05:093 - info: [debug] executing cmd: /Users/justin/Library/Android/sdk/build-tools/23.0.2/aapt dump xmltree /Users/justin/repos/appium-mobile-grid/NotesList.apk AndroidManifest.xml
2016-02-10 19:03:05:112 - info: [debug] Set app process to: com.example.android.notepad
2016-02-10 19:03:05:113 - info: [debug] Not uninstalling app since server not started with --full-reset
2016-02-10 19:03:05:115 - info: [debug] Checking app cert for /Users/justin/repos/appium-mobile-grid/NotesList.apk.
2016-02-10 19:03:05:116 - info: [debug] executing cmd: java -jar /usr/local/lib/node_modules/appium/node_modules/appium-adb/jars/verify.jar /Users/justin/repos/appium-mobile-grid/NotesList.apk
2016-02-10 19:03:05:521 - info: [debug] App already signed.
2016-02-10 19:03:05:522 - info: [debug] Zip-aligning /Users/justin/repos/appium-mobile-grid/NotesList.apk
2016-02-10 19:03:05:523 - info: [debug] Checking whether zipalign is present
2016-02-10 19:03:05:523 - info: [debug] Using zipalign from /Users/justin/Library/Android/sdk/build-tools/23.0.2/zipalign
2016-02-10 19:03:05:525 - info: [debug] Zip-aligning apk.
2016-02-10 19:03:05:526 - info: [debug] executing cmd: /Users/justin/Library/Android/sdk/build-tools/23.0.2/zipalign -f 4 /Users/justin/repos/appium-mobile-grid/NotesList.apk /var/folders/j6/_bf_cvt13x5c8dsmr0ptsbxh0000gn/T/116110-4490-13kcegm/appium.tmp
2016-02-10 19:03:05:571 - info: [debug] MD5 for app is 12218e2c7c285ed41b788b542a7ea298
2016-02-10 19:03:05:573 - info: [debug] executing cmd: /Users/justin/Library/Android/sdk/platform-tools/adb -s emulator-5560 shell "ls /data/local/tmp/12218e2c7c285ed41b788b542a7ea298.apk"
2016-02-10 19:03:05:611 - info: [debug] Getting install status for com.example.android.notepad
2016-02-10 19:03:05:612 - info: [debug] Getting device API level
2016-02-10 19:03:05:612 - info: [debug] executing cmd: /Users/justin/Library/Android/sdk/platform-tools/adb -s emulator-5560 shell "getprop ro.build.version.sdk"
2016-02-10 19:03:05:647 - info: [debug] Device is at API Level 23
2016-02-10 19:03:05:648 - info: [debug] executing cmd: /Users/justin/Library/Android/sdk/platform-tools/adb -s emulator-5560 shell "pm list packages -3 com.example.android.notepad"
2016-02-10 19:03:06:092 - info: [debug] App is installed
2016-02-10 19:03:06:092 - info: App is already installed, resetting app
2016-02-10 19:03:06:092 - info: [debug] Running fast reset (stop and clear)
2016-02-10 19:03:06:093 - info: [debug] executing cmd: /Users/justin/Library/Android/sdk/platform-tools/adb -s emulator-5560 shell "am force-stop com.example.android.notepad"
2016-02-10 19:03:06:396 - info: --> GET /wd/hub/status {}
2016-02-10 19:03:06:397 - info: [debug] Responding to client with success: {"status":0,"value":{"build":{"version":"1.4.16","revision":"ae6877eff263066b26328d457bd285c0cc62430d"}},"sessionId":"c5c202ed-4396-444d-b4ae-a6836be5a225"}
2016-02-10 19:03:06:451 - info: <-- GET /wd/hub/status 200 54.965 ms - 156 {"status":0,"value":{"build":{"version":"1.4.16","revision":"ae6877eff263066b26328d457bd285c0cc62430d"}},"sessionId":"c5c202ed-4396-444d-b4ae-a6836be5a225"}
2016-02-10 19:03:06:828 - info: [debug] executing cmd: /Users/justin/Library/Android/sdk/platform-tools/adb -s emulator-5560 shell "pm clear com.example.android.notepad"
2016-02-10 19:03:07:162 - info: [debug] Forwarding system:2252 to device:4724
2016-02-10 19:03:07:163 - info: [debug] executing cmd: /Users/justin/Library/Android/sdk/platform-tools/adb -s emulator-5560 forward tcp:2252 tcp:4724
2016-02-10 19:03:07:187 - info: [debug] Pushing appium bootstrap to device...
2016-02-10 19:03:07:189 - info: [debug] executing cmd: /Users/justin/Library/Android/sdk/platform-tools/adb -s emulator-5560 push "/usr/local/lib/node_modules/appium/build/android_bootstrap/AppiumBootstrap.jar" /data/local/tmp/
2016-02-10 19:03:07:291 - info: [debug] Pushing settings apk to device...
2016-02-10 19:03:07:292 - info: [debug] executing cmd: /Users/justin/Library/Android/sdk/platform-tools/adb -s emulator-5560 install "/usr/local/lib/node_modules/appium/build/settings_apk/settings_apk-debug.apk"
2016-02-10 19:03:07:836 - info: [debug] Pushing unlock helper app to device...
2016-02-10 19:03:07:837 - info: [debug] executing cmd: /Users/justin/Library/Android/sdk/platform-tools/adb -s emulator-5560 install "/usr/local/lib/node_modules/appium/build/unlock_apk/unlock_apk-debug.apk"
2016-02-10 19:03:08:508 - info: Starting App
2016-02-10 19:03:08:509 - info: [debug] Attempting to kill all 'uiautomator' processes
2016-02-10 19:03:08:510 - info: [debug] Getting all processes with 'uiautomator'
2016-02-10 19:03:08:510 - info: [debug] executing cmd: /Users/justin/Library/Android/sdk/platform-tools/adb -s emulator-5560 shell "ps 'uiautomator'"
2016-02-10 19:03:08:561 - info: [debug] No matching processes found
2016-02-10 19:03:08:562 - info: [debug] Running bootstrap
2016-02-10 19:03:08:562 - info: [debug] spawning: /Users/justin/Library/Android/sdk/platform-tools/adb -s emulator-5560 shell uiautomator runtest AppiumBootstrap.jar -c io.appium.android.bootstrap.Bootstrap -e pkg com.example.android.notepad -e disableAndroidWatchers false
2016-02-10 19:03:09:403 - info: [debug] [UIAUTOMATOR STDOUT] INSTRUMENTATION_STATUS: numtests=1
2016-02-10 19:03:09:406 - info: [debug] [UIAUTOMATOR STDOUT] INSTRUMENTATION_STATUS: stream=
2016-02-10 19:03:09:407 - info: [debug] [UIAUTOMATOR STDOUT] io.appium.android.bootstrap.Bootstrap:
2016-02-10 19:03:09:407 - info: [debug] [UIAUTOMATOR STDOUT] INSTRUMENTATION_STATUS: id=UiAutomatorTestRunner
2016-02-10 19:03:09:408 - info: [debug] [UIAUTOMATOR STDOUT] INSTRUMENTATION_STATUS: test=testRunServer
2016-02-10 19:03:09:408 - info: [debug] [UIAUTOMATOR STDOUT] INSTRUMENTATION_STATUS: class=io.appium.android.bootstrap.Bootstrap
2016-02-10 19:03:09:409 - info: [debug] [UIAUTOMATOR STDOUT] INSTRUMENTATION_STATUS: current=1
2016-02-10 19:03:09:409 - info: [debug] [UIAUTOMATOR STDOUT] INSTRUMENTATION_STATUS_CODE: 1
2016-02-10 19:03:09:444 - info: [debug] [BOOTSTRAP] [debug] Socket opened on port 4724
2016-02-10 19:03:09:447 - info: [debug] [BOOTSTRAP] [debug] Appium Socket Server Ready
2016-02-10 19:03:09:447 - info: [debug] [BOOTSTRAP] [debug] Loading json...
2016-02-10 19:03:09:447 - info: [debug] [BOOTSTRAP] [debug] json loading complete.
2016-02-10 19:03:09:450 - info: [debug] Waking up device if it's not alive
2016-02-10 19:03:09:450 - info: [debug] Pushing command to appium work queue: ["wake",{}]
2016-02-10 19:03:09:455 - info: [debug] [BOOTSTRAP] [debug] Registered crash watchers.
2016-02-10 19:03:09:463 - info: [debug] [BOOTSTRAP] [debug] Client connected
2016-02-10 19:03:09:471 - info: [debug] executing cmd: /Users/justin/Library/Android/sdk/platform-tools/adb -s emulator-5560 shell "dumpsys window"
2016-02-10 19:03:09:474 - info: [debug] [BOOTSTRAP] [debug] Got data from client: {"cmd":"action","action":"wake","params":{}}
2016-02-10 19:03:09:474 - info: [debug] [BOOTSTRAP] [debug] Got command of type ACTION
2016-02-10 19:03:09:474 - info: [debug] [BOOTSTRAP] [debug] Got command action: wake
2016-02-10 19:03:09:474 - info: [debug] [BOOTSTRAP] [debug] Returning result: {"status":0,"value":true}
2016-02-10 19:03:09:521 - info: [debug] Screen already unlocked, continuing.
2016-02-10 19:03:09:522 - info: [debug] Pushing command to appium work queue: ["getDataDir",{}]
2016-02-10 19:03:09:525 - info: [debug] [BOOTSTRAP] [debug] Got data from client: {"cmd":"action","action":"getDataDir","params":{}}
2016-02-10 19:03:09:525 - info: [debug] [BOOTSTRAP] [debug] Got command of type ACTION
2016-02-10 19:03:09:526 - info: [debug] [BOOTSTRAP] [debug] Got command action: getDataDir
2016-02-10 19:03:09:526 - info: [debug] [BOOTSTRAP] [debug] Returning result: {"status":0,"value":"\/data"}
2016-02-10 19:03:09:527 - info: [debug] dataDir set to: /data
2016-02-10 19:03:09:528 - info: [debug] Pushing command to appium work queue: ["compressedLayoutHierarchy",{"compressLayout":false}]
2016-02-10 19:03:09:537 - info: [debug] [BOOTSTRAP] [debug] Got data from client: {"cmd":"action","action":"compressedLayoutHierarchy","params":{"compressLayout":false}}
2016-02-10 19:03:09:538 - info: [debug] [BOOTSTRAP] [debug] Got command of type ACTION
2016-02-10 19:03:09:538 - info: [debug] [BOOTSTRAP] [debug] Got command action: compressedLayoutHierarchy
2016-02-10 19:03:09:539 - info: [debug] [BOOTSTRAP] [debug] Returning result: {"status":0,"value":false}
2016-02-10 19:03:09:540 - info: [debug] Getting device API level
2016-02-10 19:03:09:540 - info: [debug] executing cmd: /Users/justin/Library/Android/sdk/platform-tools/adb -s emulator-5560 shell "getprop ro.build.version.sdk"
2016-02-10 19:03:09:586 - info: [debug] Device is at API Level 23
2016-02-10 19:03:09:589 - info: [debug] executing cmd: /Users/justin/Library/Android/sdk/platform-tools/adb -s emulator-5560 shell "am start -S -a android.intent.action.MAIN -c android.intent.category.LAUNCHER -f 0x10200000 -n com.example.android.notepad/com.example.android.notepad.NotesList"
2016-02-10 19:03:10:760 - info: [debug] Waiting for pkg "com.example.android.notepad" and activity "com.example.android.notepad.NotesList" to be focused
2016-02-10 19:03:10:760 - info: [debug] Getting focused package and activity
2016-02-10 19:03:10:762 - info: [debug] executing cmd: /Users/justin/Library/Android/sdk/platform-tools/adb -s emulator-5560 shell "dumpsys window windows"
2016-02-10 19:03:11:120 - info: [debug] executing cmd: /Users/justin/Library/Android/sdk/platform-tools/adb -s emulator-5560 shell "getprop ro.build.version.release"
2016-02-10 19:03:11:262 - info: [debug] Device is at release version 6.0
2016-02-10 19:03:11:262 - info: [debug] Device launched! Ready for commands
2016-02-10 19:03:11:263 - info: [debug] Setting command timeout to the default of 60 secs
2016-02-10 19:03:11:264 - info: [debug] Appium session started with sessionId c5c202ed-4396-444d-b4ae-a6836be5a225
2016-02-10 19:03:11:268 - info: <-- POST /wd/hub/session 303 8285.876 ms - 74 
2016-02-10 19:03:11:279 - info: --> GET /wd/hub/session/c5c202ed-4396-444d-b4ae-a6836be5a225 {}
2016-02-10 19:03:11:281 - info: [debug] Responding to client with success: {"status":0,"value":{"platform":"LINUX","browserName":"Android","platformVersion":"6.0","webStorageEnabled":false,"takesScreenshot":true,"javascriptEnabled":true,"databaseEnabled":false,"networkConnectionEnabled":true,"locationContextEnabled":false,"warnings":{},"desired":{"app":"/Users/justin/repos/appium-mobile-grid/NotesList.apk","platformVersion":"4.3","deviceName":"android","platformName":"ANDROID","appium-version":"1.4.16","name":"Add Note Scenarios emulator-5560","udid":"emulator-5560"},"app":"/Users/justin/repos/appium-mobile-grid/NotesList.apk","deviceName":"emulator-5560","platformName":"ANDROID","appium-version":"1.4.16","name":"Add Note Scenarios emulator-5560","udid":"emulator-5560"},"sessionId":"c5c202ed-4396-444d-b4ae-a6836be5a225"}
2016-02-10 19:03:11:285 - info: <-- GET /wd/hub/session/c5c202ed-4396-444d-b4ae-a6836be5a225 200 5.488 ms - 757 {"status":0,"value":{"platform":"LINUX","browserName":"Android","platformVersion":"6.0","webStorageEnabled":false,"takesScreenshot":true,"javascriptEnabled":true,"databaseEnabled":false,"networkConnectionEnabled":true,"locationContextEnabled":false,"warnings":{},"desired":{"app":"/Users/justin/repos/appium-mobile-grid/NotesList.apk","platformVersion":"4.3","deviceName":"android","platformName":"ANDROID","appium-version":"1.4.16","name":"Add Note Scenarios emulator-5560","udid":"emulator-5560"},"app":"/Users/justin/repos/appium-mobile-grid/NotesList.apk","deviceName":"emulator-5560","platformName":"ANDROID","appium-version":"1.4.16","name":"Add Note Scenarios emulator-5560","udid":"emulator-5560"},"sessionId":"c5c202ed-4396-444d-b4ae-a6836be5a225"}
2016-02-10 19:03:11:296 - info: --> POST /wd/hub/session/c5c202ed-4396-444d-b4ae-a6836be5a225/timeouts/implicit_wait {"ms":30000}
2016-02-10 19:03:11:299 - info: [debug] Set Android implicit wait to 30000ms
2016-02-10 19:03:11:300 - info: [debug] Responding to client with success: {"status":0,"value":null,"sessionId":"c5c202ed-4396-444d-b4ae-a6836be5a225"}
2016-02-10 19:03:11:301 - info: <-- POST /wd/hub/session/c5c202ed-4396-444d-b4ae-a6836be5a225/timeouts/implicit_wait 200 4.854 ms - 76 {"status":0,"value":null,"sessionId":"c5c202ed-4396-444d-b4ae-a6836be5a225"}
2016-02-10 19:03:11:320 - info: --> POST /wd/hub/session/c5c202ed-4396-444d-b4ae-a6836be5a225/element {"using":"id","value":"android:id/action_bar_title"}
2016-02-10 19:03:11:324 - info: [debug] Waiting up to 30000ms for condition
2016-02-10 19:03:11:326 - info: [debug] Pushing command to appium work queue: ["find",{"strategy":"id","selector":"android:id/action_bar_title","context":"","multiple":false}]
2016-02-10 19:03:11:342 - info: [debug] [BOOTSTRAP] [debug] Got data from client: {"cmd":"action","action":"find","params":{"strategy":"id","selector":"android:id/action_bar_title","context":"","multiple":false}}
2016-02-10 19:03:11:342 - info: [debug] [BOOTSTRAP] [debug] Got command of type ACTION
2016-02-10 19:03:11:343 - info: [debug] [BOOTSTRAP] [debug] Got command action: find
2016-02-10 19:03:11:365 - info: [debug] [BOOTSTRAP] [debug] Finding android:id/action_bar_title using ID with the contextId:  multiple: false
2016-02-10 19:03:11:398 - info: [debug] [BOOTSTRAP] [debug] Using: UiSelector[INSTANCE=0, RESOURCE_ID=android:id/action_bar_title]
2016-02-10 19:03:11:417 - info: --> GET /wd/hub/status {}
2016-02-10 19:03:11:418 - info: [debug] Responding to client with success: {"status":0,"value":{"build":{"version":"1.4.16","revision":"ae6877eff263066b26328d457bd285c0cc62430d"}},"sessionId":"c5c202ed-4396-444d-b4ae-a6836be5a225"}
2016-02-10 19:03:11:420 - info: <-- GET /wd/hub/status 200 3.149 ms - 156 {"status":0,"value":{"build":{"version":"1.4.16","revision":"ae6877eff263066b26328d457bd285c0cc62430d"}},"sessionId":"c5c202ed-4396-444d-b4ae-a6836be5a225"}
2016-02-10 19:03:11:924 - info: [debug] [BOOTSTRAP] [debug] Returning result: {"status":0,"value":{"ELEMENT":"1"}}
2016-02-10 19:03:11:930 - info: [debug] Responding to client with success: {"status":0,"value":{"ELEMENT":"1"},"sessionId":"c5c202ed-4396-444d-b4ae-a6836be5a225"}
2016-02-10 19:03:11:937 - info: <-- POST /wd/hub/session/c5c202ed-4396-444d-b4ae-a6836be5a225/element 200 617.043 ms - 87 {"status":0,"value":{"ELEMENT":"1"},"sessionId":"c5c202ed-4396-444d-b4ae-a6836be5a225"}
2016-02-10 19:03:11:956 - info: --> GET /wd/hub/session/c5c202ed-4396-444d-b4ae-a6836be5a225/element/1/text {}
2016-02-10 19:03:11:957 - info: [debug] Pushing command to appium work queue: ["element:getText",{"elementId":"1"}]
2016-02-10 19:03:11:994 - info: [debug] [BOOTSTRAP] [debug] Got data from client: {"cmd":"action","action":"element:getText","params":{"elementId":"1"}}
2016-02-10 19:03:11:995 - info: [debug] [BOOTSTRAP] [debug] Got command of type ACTION
2016-02-10 19:03:11:995 - info: [debug] [BOOTSTRAP] [debug] Got command action: getText
2016-02-10 19:03:12:708 - info: [debug] [BOOTSTRAP] [debug] Returning result: {"status":0,"value":"Notes"}
2016-02-10 19:03:12:869 - info: [debug] Responding to client with success: {"status":0,"value":"Notes","sessionId":"c5c202ed-4396-444d-b4ae-a6836be5a225"}
2016-02-10 19:03:12:870 - info: <-- GET /wd/hub/session/c5c202ed-4396-444d-b4ae-a6836be5a225/element/1/text 200 913.641 ms - 79 {"status":0,"value":"Notes","sessionId":"c5c202ed-4396-444d-b4ae-a6836be5a225"}
2016-02-10 19:03:12:878 - info: --> POST /wd/hub/session/c5c202ed-4396-444d-b4ae-a6836be5a225/element {"using":"id","value":"com.example.android.notepad:id/menu_add"}
2016-02-10 19:03:12:879 - info: [debug] Waiting up to 30000ms for condition
2016-02-10 19:03:12:879 - info: [debug] Pushing command to appium work queue: ["find",{"strategy":"id","selector":"com.example.android.notepad:id/menu_add","context":"","multiple":false}]
2016-02-10 19:03:12:886 - info: [debug] [BOOTSTRAP] [debug] Got data from client: {"cmd":"action","action":"find","params":{"strategy":"id","selector":"com.example.android.notepad:id/menu_add","context":"","multiple":false}}
2016-02-10 19:03:12:887 - info: [debug] [BOOTSTRAP] [debug] Got command of type ACTION
2016-02-10 19:03:12:887 - info: [debug] [BOOTSTRAP] [debug] Got command action: find
2016-02-10 19:03:12:887 - info: [debug] [BOOTSTRAP] [debug] Finding com.example.android.notepad:id/menu_add using ID with the contextId:  multiple: false
2016-02-10 19:03:12:888 - info: [debug] [BOOTSTRAP] [debug] Using: UiSelector[INSTANCE=0, RESOURCE_ID=com.example.android.notepad:id/menu_add]
2016-02-10 19:03:12:892 - info: [debug] [BOOTSTRAP] [debug] Returning result: {"status":0,"value":{"ELEMENT":"2"}}
2016-02-10 19:03:12:905 - info: [debug] Responding to client with success: {"status":0,"value":{"ELEMENT":"2"},"sessionId":"c5c202ed-4396-444d-b4ae-a6836be5a225"}
2016-02-10 19:03:12:908 - info: <-- POST /wd/hub/session/c5c202ed-4396-444d-b4ae-a6836be5a225/element 200 30.230 ms - 87 {"status":0,"value":{"ELEMENT":"2"},"sessionId":"c5c202ed-4396-444d-b4ae-a6836be5a225"}
2016-02-10 19:03:12:927 - info: --> POST /wd/hub/session/c5c202ed-4396-444d-b4ae-a6836be5a225/element/2/click {}
2016-02-10 19:03:12:928 - info: [debug] Pushing command to appium work queue: ["element:click",{"elementId":"2"}]
2016-02-10 19:03:12:944 - info: [debug] [BOOTSTRAP] [debug] Got data from client: {"cmd":"action","action":"element:click","params":{"elementId":"2"}}
2016-02-10 19:03:12:945 - info: [debug] [BOOTSTRAP] [debug] Got command of type ACTION
2016-02-10 19:03:12:945 - info: [debug] [BOOTSTRAP] [debug] Got command action: click
2016-02-10 19:03:14:780 - info: [debug] [BOOTSTRAP] [debug] Returning result: {"status":0,"value":true}
2016-02-10 19:03:14:789 - info: [debug] Responding to client with success: {"status":0,"value":true,"sessionId":"c5c202ed-4396-444d-b4ae-a6836be5a225"}
2016-02-10 19:03:14:790 - info: <-- POST /wd/hub/session/c5c202ed-4396-444d-b4ae-a6836be5a225/element/2/click 200 1863.712 ms - 76 {"status":0,"value":true,"sessionId":"c5c202ed-4396-444d-b4ae-a6836be5a225"}
2016-02-10 19:03:14:800 - info: --> POST /wd/hub/session/c5c202ed-4396-444d-b4ae-a6836be5a225/element {"using":"id","value":"android:id/action_bar_title"}
2016-02-10 19:03:14:800 - info: [debug] Waiting up to 30000ms for condition
2016-02-10 19:03:14:801 - info: [debug] Pushing command to appium work queue: ["find",{"strategy":"id","selector":"android:id/action_bar_title","context":"","multiple":false}]
2016-02-10 19:03:14:806 - info: [debug] [BOOTSTRAP] [debug] Got data from client: {"cmd":"action","action":"find","params":{"strategy":"id","selector":"android:id/action_bar_title","context":"","multiple":false}}
2016-02-10 19:03:14:807 - info: [debug] [BOOTSTRAP] [debug] Got command of type ACTION
2016-02-10 19:03:14:807 - info: [debug] [BOOTSTRAP] [debug] Got command action: find
2016-02-10 19:03:14:809 - info: [debug] [BOOTSTRAP] [debug] Finding android:id/action_bar_title using ID with the contextId:  multiple: false
2016-02-10 19:03:14:809 - info: [debug] [BOOTSTRAP] [debug] Using: UiSelector[INSTANCE=0, RESOURCE_ID=android:id/action_bar_title]
2016-02-10 19:03:15:101 - info: [debug] [BOOTSTRAP] [debug] Returning result: {"status":0,"value":{"ELEMENT":"3"}}
2016-02-10 19:03:15:104 - info: [debug] Responding to client with success: {"status":0,"value":{"ELEMENT":"3"},"sessionId":"c5c202ed-4396-444d-b4ae-a6836be5a225"}
2016-02-10 19:03:15:105 - info: <-- POST /wd/hub/session/c5c202ed-4396-444d-b4ae-a6836be5a225/element 200 305.020 ms - 87 {"status":0,"value":{"ELEMENT":"3"},"sessionId":"c5c202ed-4396-444d-b4ae-a6836be5a225"}
2016-02-10 19:03:15:112 - info: --> GET /wd/hub/session/c5c202ed-4396-444d-b4ae-a6836be5a225/element/3/text {}
2016-02-10 19:03:15:113 - info: [debug] Pushing command to appium work queue: ["element:getText",{"elementId":"3"}]
2016-02-10 19:03:15:122 - info: [debug] [BOOTSTRAP] [debug] Got data from client: {"cmd":"action","action":"element:getText","params":{"elementId":"3"}}
2016-02-10 19:03:15:123 - info: [debug] [BOOTSTRAP] [debug] Got command of type ACTION
2016-02-10 19:03:15:123 - info: [debug] [BOOTSTRAP] [debug] Got command action: getText
2016-02-10 19:03:15:497 - info: [debug] [BOOTSTRAP] [debug] Returning result: {"status":0,"value":"New note"}
2016-02-10 19:03:15:500 - info: [debug] Responding to client with success: {"status":0,"value":"New note","sessionId":"c5c202ed-4396-444d-b4ae-a6836be5a225"}
2016-02-10 19:03:15:502 - info: <-- GET /wd/hub/session/c5c202ed-4396-444d-b4ae-a6836be5a225/element/3/text 200 389.831 ms - 82 {"status":0,"value":"New note","sessionId":"c5c202ed-4396-444d-b4ae-a6836be5a225"}
2016-02-10 19:03:16:424 - info: --> GET /wd/hub/status {}
2016-02-10 19:03:16:425 - info: [debug] Responding to client with success: {"status":0,"value":{"build":{"version":"1.4.16","revision":"ae6877eff263066b26328d457bd285c0cc62430d"}},"sessionId":"c5c202ed-4396-444d-b4ae-a6836be5a225"}
2016-02-10 19:03:16:426 - info: <-- GET /wd/hub/status 200 1.380 ms - 156 {"status":0,"value":{"build":{"version":"1.4.16","revision":"ae6877eff263066b26328d457bd285c0cc62430d"}},"sessionId":"c5c202ed-4396-444d-b4ae-a6836be5a225"}
2016-02-10 19:03:16:688 - info: --> POST /wd/hub/session/c5c202ed-4396-444d-b4ae-a6836be5a225/element {"using":"id","value":"com.example.android.notepad:id/note"}
2016-02-10 19:03:16:689 - info: [debug] Waiting up to 30000ms for condition
2016-02-10 19:03:16:689 - info: [debug] Pushing command to appium work queue: ["find",{"strategy":"id","selector":"com.example.android.notepad:id/note","context":"","multiple":false}]
2016-02-10 19:03:16:699 - info: [debug] [BOOTSTRAP] [debug] Got data from client: {"cmd":"action","action":"find","params":{"strategy":"id","selector":"com.example.android.notepad:id/note","context":"","multiple":false}}
2016-02-10 19:03:16:699 - info: [debug] [BOOTSTRAP] [debug] Got command of type ACTION
2016-02-10 19:03:16:699 - info: [debug] [BOOTSTRAP] [debug] Got command action: find
2016-02-10 19:03:16:700 - info: [debug] [BOOTSTRAP] [debug] Finding com.example.android.notepad:id/note using ID with the contextId:  multiple: false
2016-02-10 19:03:16:700 - info: [debug] [BOOTSTRAP] [debug] Using: UiSelector[INSTANCE=0, RESOURCE_ID=com.example.android.notepad:id/note]
2016-02-10 19:03:16:707 - info: [debug] [BOOTSTRAP] [debug] Returning result: {"status":0,"value":{"ELEMENT":"4"}}
2016-02-10 19:03:16:707 - info: [debug] Responding to client with success: {"status":0,"value":{"ELEMENT":"4"},"sessionId":"c5c202ed-4396-444d-b4ae-a6836be5a225"}
2016-02-10 19:03:16:709 - info: <-- POST /wd/hub/session/c5c202ed-4396-444d-b4ae-a6836be5a225/element 200 20.613 ms - 87 {"status":0,"value":{"ELEMENT":"4"},"sessionId":"c5c202ed-4396-444d-b4ae-a6836be5a225"}
2016-02-10 19:03:16:730 - info: --> POST /wd/hub/session/c5c202ed-4396-444d-b4ae-a6836be5a225/element/4/value {"value":["Beatae labore placeat eos voluptas ut commodi magni."]}
2016-02-10 19:03:16:731 - info: [debug] Pushing command to appium work queue: ["element:setText",{"elementId":"4","text":"Beatae labore placeat eos voluptas ut commodi magni.","replace":false}]
2016-02-10 19:03:16:738 - info: [debug] [BOOTSTRAP] [debug] Got data from client: {"cmd":"action","action":"element:setText","params":{"elementId":"4","text":"Beatae labore placeat eos voluptas ut commodi magni.","replace":false}}
2016-02-10 19:03:16:739 - info: [debug] [BOOTSTRAP] [debug] Got command of type ACTION
2016-02-10 19:03:16:739 - info: [debug] [BOOTSTRAP] [debug] Got command action: setText
2016-02-10 19:03:16:739 - info: [debug] [BOOTSTRAP] [debug] Using element passed in.
2016-02-10 19:03:16:774 - info: [debug] [BOOTSTRAP] [debug] Attempting to clear using UiObject.clearText().
2016-02-10 19:03:19:144 - info: [debug] [BOOTSTRAP] [debug] Sending plain text to element: Beatae labore placeat eos voluptas ut commodi magni.
2016-02-10 19:03:21:435 - info: --> GET /wd/hub/status {}
2016-02-10 19:03:21:436 - info: [debug] Responding to client with success: {"status":0,"value":{"build":{"version":"1.4.16","revision":"ae6877eff263066b26328d457bd285c0cc62430d"}},"sessionId":"c5c202ed-4396-444d-b4ae-a6836be5a225"}
2016-02-10 19:03:21:437 - info: <-- GET /wd/hub/status 200 2.359 ms - 156 {"status":0,"value":{"build":{"version":"1.4.16","revision":"ae6877eff263066b26328d457bd285c0cc62430d"}},"sessionId":"c5c202ed-4396-444d-b4ae-a6836be5a225"}
