2016-02-10 18:57:13:010 - info: Welcome to Appium v1.4.16 (REV ae6877eff263066b26328d457bd285c0cc62430d)
2016-02-10 18:57:13:013 - info: Appium REST http interface listener started on 0.0.0.0:4003
2016-02-10 18:57:13:022 - info: [debug] Non-default server args: {"udid":"emulator-5554","port":4003,"bootstrapPort":2253,"log":"/Users/justin/repos/appium-mobile-grid/output/appium-emulator-5554.log","nodeconfig":"/Users/justin/repos/appium-mobile-grid/node_configs/emulator-5554.json","tmpDir":"/tmp/emulator-5554"}
2016-02-10 18:57:13:023 - info: Console LogLevel: debug
2016-02-10 18:57:13:025 - info: File LogLevel: debug
2016-02-10 18:57:13:033 - info: [debug] starting auto register thread for grid. Will try to register every 5000 ms.
2016-02-10 18:57:18:075 - info: [debug] Appium successfully registered with the grid on localhost:4444
2016-02-10 18:57:20:031 - info: --> POST /wd/hub/session {"desiredCapabilities":{"app":"/Users/justin/repos/appium-mobile-grid/NotesList.apk","platformVersion":"4.3","deviceName":"android","platformName":"ANDROID","appium-version":"1.4.16","name":"Add Note Scenarios emulator-5558","udid":"emulator-5558"}}
2016-02-10 18:57:20:035 - info: Client User-Agent string: appium/ruby_lib/8.0.2
2016-02-10 18:57:20:038 - info: [debug] The following desired capabilities were provided, but not recognized by appium. They will be passed on to any other services running on this server. : appium-version, name
2016-02-10 18:57:20:041 - info: [debug] No appActivity desired capability or server param. Parsing from apk.
2016-02-10 18:57:20:041 - info: [debug] No appPackage desired capability or server param. Parsing from apk.
2016-02-10 18:57:20:043 - info: [debug] Using local app from desired caps: /Users/justin/repos/appium-mobile-grid/NotesList.apk
2016-02-10 18:57:20:046 - info: [debug] Creating new appium session a754355e-e12e-483c-a98a-44ac40291a38
2016-02-10 18:57:20:047 - info: Starting android appium
2016-02-10 18:57:20:051 - info: [debug] Getting Java version
2016-02-10 18:57:20:391 - info: Java version is: 1.7.0_79
2016-02-10 18:57:20:395 - info: [debug] Checking whether adb is present
2016-02-10 18:57:20:397 - info: [debug] Using adb from /Users/justin/Library/Android/sdk/platform-tools/adb
2016-02-10 18:57:20:398 - info: [debug] Parsing package and activity from app manifest
2016-02-10 18:57:20:398 - info: [debug] Checking whether aapt is present
2016-02-10 18:57:20:399 - info: [debug] Using aapt from /Users/justin/Library/Android/sdk/build-tools/23.0.2/aapt
2016-02-10 18:57:20:399 - info: [debug] Extracting package and launch activity from manifest.
2016-02-10 18:57:20:402 - info: [debug] executing cmd: /Users/justin/Library/Android/sdk/build-tools/23.0.2/aapt dump badging /Users/justin/repos/appium-mobile-grid/NotesList.apk
2016-02-10 18:57:20:416 - info: [debug] badging package: com.example.android.notepad
2016-02-10 18:57:20:416 - info: [debug] badging act: com.example.android.notepad.NotesList
2016-02-10 18:57:20:417 - info: [debug] Parsed package and activity are: com.example.android.notepad/com.example.android.notepad.NotesList
2016-02-10 18:57:20:417 - info: [debug] Using fast reset? true
2016-02-10 18:57:20:418 - info: [debug] Preparing device for session
2016-02-10 18:57:20:419 - info: [debug] Checking whether app is actually present
2016-02-10 18:57:20:420 - info: Retrieving device
2016-02-10 18:57:20:421 - info: [debug] Trying to find a connected android device
2016-02-10 18:57:20:422 - info: [debug] Getting connected devices...
2016-02-10 18:57:20:423 - info: [debug] executing cmd: /Users/justin/Library/Android/sdk/platform-tools/adb devices
2016-02-10 18:57:20:446 - info: [debug] 4 device(s) connected
2016-02-10 18:57:20:472 - info: Found device emulator-5558
2016-02-10 18:57:20:474 - info: [debug] Setting device id to emulator-5558
2016-02-10 18:57:20:477 - info: [debug] Waiting for device to be ready and to respond to shell commands (timeout = 5)
2016-02-10 18:57:20:478 - info: [debug] executing cmd: /Users/justin/Library/Android/sdk/platform-tools/adb -s emulator-5558 wait-for-device
2016-02-10 18:57:20:501 - info: [debug] executing cmd: /Users/justin/Library/Android/sdk/platform-tools/adb -s emulator-5558 shell "echo 'ready'"
2016-02-10 18:57:20:533 - info: [debug] Starting logcat capture
2016-02-10 18:57:20:560 - info: [debug] Getting device API level
2016-02-10 18:57:20:561 - info: [debug] executing cmd: /Users/justin/Library/Android/sdk/platform-tools/adb -s emulator-5558 shell "getprop ro.build.version.sdk"
2016-02-10 18:57:20:677 - info: [debug] Device is at API Level 22
2016-02-10 18:57:20:677 - info: Device API level is: 22
2016-02-10 18:57:20:678 - info: [debug] Extracting strings for language: default
2016-02-10 18:57:20:679 - info: [debug] executing cmd: /Users/justin/Library/Android/sdk/platform-tools/adb -s emulator-5558 shell "getprop persist.sys.language"
2016-02-10 18:57:20:911 - info: [debug] Current device persist.sys.language: en
2016-02-10 18:57:20:912 - info: [debug] java -jar "/usr/local/lib/node_modules/appium/node_modules/appium-adb/jars/appium_apk_tools.jar" "stringsFromApk" "/Users/justin/repos/appium-mobile-grid/NotesList.apk" "/tmp/emulator-5554/com.example.android.notepad" en
2016-02-10 18:57:21:519 - info: [debug] No strings.xml for language 'en', getting default strings.xml
2016-02-10 18:57:21:519 - info: [debug] java -jar "/usr/local/lib/node_modules/appium/node_modules/appium-adb/jars/appium_apk_tools.jar" "stringsFromApk" "/Users/justin/repos/appium-mobile-grid/NotesList.apk" "/tmp/emulator-5554/com.example.android.notepad"
2016-02-10 18:57:22:099 - info: [debug] Reading strings from converted strings.json
2016-02-10 18:57:22:100 - info: [debug] Setting language to default
2016-02-10 18:57:22:101 - info: [debug] executing cmd: /Users/justin/Library/Android/sdk/platform-tools/adb -s emulator-5558 push "/tmp/emulator-5554/com.example.android.notepad/strings.json" /data/local/tmp
2016-02-10 18:57:22:137 - info: [debug] Checking whether aapt is present
2016-02-10 18:57:22:137 - info: [debug] Using aapt from /Users/justin/Library/Android/sdk/build-tools/23.0.2/aapt
2016-02-10 18:57:22:137 - info: [debug] Retrieving process from manifest.
2016-02-10 18:57:22:138 - info: [debug] executing cmd: /Users/justin/Library/Android/sdk/build-tools/23.0.2/aapt dump xmltree /Users/justin/repos/appium-mobile-grid/NotesList.apk AndroidManifest.xml
2016-02-10 18:57:22:154 - info: [debug] Set app process to: com.example.android.notepad
2016-02-10 18:57:22:155 - info: [debug] Not uninstalling app since server not started with --full-reset
2016-02-10 18:57:22:156 - info: [debug] Checking app cert for /Users/justin/repos/appium-mobile-grid/NotesList.apk.
2016-02-10 18:57:22:157 - info: [debug] executing cmd: java -jar /usr/local/lib/node_modules/appium/node_modules/appium-adb/jars/verify.jar /Users/justin/repos/appium-mobile-grid/NotesList.apk
2016-02-10 18:57:22:608 - info: [debug] App already signed.
2016-02-10 18:57:22:608 - info: [debug] Zip-aligning /Users/justin/repos/appium-mobile-grid/NotesList.apk
2016-02-10 18:57:22:609 - info: [debug] Checking whether zipalign is present
2016-02-10 18:57:22:610 - info: [debug] Using zipalign from /Users/justin/Library/Android/sdk/build-tools/23.0.2/zipalign
2016-02-10 18:57:22:613 - info: [debug] Zip-aligning apk.
2016-02-10 18:57:22:613 - info: [debug] executing cmd: /Users/justin/Library/Android/sdk/build-tools/23.0.2/zipalign -f 4 /Users/justin/repos/appium-mobile-grid/NotesList.apk /var/folders/j6/_bf_cvt13x5c8dsmr0ptsbxh0000gn/T/116110-3911-12b9llv/appium.tmp
2016-02-10 18:57:22:631 - info: [debug] MD5 for app is 12218e2c7c285ed41b788b542a7ea298
2016-02-10 18:57:22:632 - info: [debug] executing cmd: /Users/justin/Library/Android/sdk/platform-tools/adb -s emulator-5558 shell "ls /data/local/tmp/12218e2c7c285ed41b788b542a7ea298.apk"
2016-02-10 18:57:22:666 - info: [debug] Getting install status for com.example.android.notepad
2016-02-10 18:57:22:667 - info: [debug] Getting device API level
2016-02-10 18:57:22:668 - info: [debug] executing cmd: /Users/justin/Library/Android/sdk/platform-tools/adb -s emulator-5558 shell "getprop ro.build.version.sdk"
2016-02-10 18:57:22:699 - info: [debug] Device is at API Level 22
2016-02-10 18:57:22:701 - info: [debug] executing cmd: /Users/justin/Library/Android/sdk/platform-tools/adb -s emulator-5558 shell "pm list packages -3 com.example.android.notepad"
2016-02-10 18:57:22:910 - info: [debug] App is installed
2016-02-10 18:57:22:912 - info: Installing App
2016-02-10 18:57:22:913 - info: [debug] executing cmd: /Users/justin/Library/Android/sdk/platform-tools/adb -s emulator-5558 shell "mkdir -p /data/local/tmp/"
2016-02-10 18:57:22:963 - info: [debug] Removing any old apks
2016-02-10 18:57:22:967 - info: [debug] executing cmd: /Users/justin/Library/Android/sdk/platform-tools/adb -s emulator-5558 shell "ls /data/local/tmp/*.apk"
2016-02-10 18:57:23:101 - info: --> GET /wd/hub/status {}
2016-02-10 18:57:23:117 - info: [debug] Responding to client with success: {"status":0,"value":{"build":{"version":"1.4.16","revision":"ae6877eff263066b26328d457bd285c0cc62430d"}},"sessionId":"a754355e-e12e-483c-a98a-44ac40291a38"}
2016-02-10 18:57:23:141 - info: <-- GET /wd/hub/status 200 40.134 ms - 156 {"status":0,"value":{"build":{"version":"1.4.16","revision":"ae6877eff263066b26328d457bd285c0cc62430d"}},"sessionId":"a754355e-e12e-483c-a98a-44ac40291a38"}
2016-02-10 18:57:24:112 - info: [debug] executing cmd: /Users/justin/Library/Android/sdk/platform-tools/adb -s emulator-5558 shell rm "/data/local/tmp/7253382da5e48cb84eb43ec7041ae5ac.apk"
2016-02-10 18:57:24:161 - info: [debug] executing cmd: /Users/justin/Library/Android/sdk/platform-tools/adb -s emulator-5558 push "/Users/justin/repos/appium-mobile-grid/NotesList.apk" /data/local/tmp/12218e2c7c285ed41b788b542a7ea298.apk
2016-02-10 18:57:24:232 - info: [debug] Uninstalling com.example.android.notepad
2016-02-10 18:57:24:235 - info: [debug] executing cmd: /Users/justin/Library/Android/sdk/platform-tools/adb -s emulator-5558 shell "am force-stop com.example.android.notepad"
2016-02-10 18:57:24:643 - info: [debug] executing cmd: /Users/justin/Library/Android/sdk/platform-tools/adb -s emulator-5558 uninstall com.example.android.notepad
2016-02-10 18:57:25:474 - info: [debug] App was uninstalled
2016-02-10 18:57:25:476 - info: [debug] executing cmd: /Users/justin/Library/Android/sdk/platform-tools/adb -s emulator-5558 shell "pm install -r /data/local/tmp/12218e2c7c285ed41b788b542a7ea298.apk"
2016-02-10 18:57:26:649 - info: [debug] Forwarding system:2253 to device:4724
2016-02-10 18:57:26:650 - info: [debug] executing cmd: /Users/justin/Library/Android/sdk/platform-tools/adb -s emulator-5558 forward tcp:2253 tcp:4724
2016-02-10 18:57:26:670 - info: [debug] Pushing appium bootstrap to device...
2016-02-10 18:57:26:672 - info: [debug] executing cmd: /Users/justin/Library/Android/sdk/platform-tools/adb -s emulator-5558 push "/usr/local/lib/node_modules/appium/build/android_bootstrap/AppiumBootstrap.jar" /data/local/tmp/
2016-02-10 18:57:26:775 - info: [debug] Pushing settings apk to device...
2016-02-10 18:57:26:777 - info: [debug] executing cmd: /Users/justin/Library/Android/sdk/platform-tools/adb -s emulator-5558 install "/usr/local/lib/node_modules/appium/build/settings_apk/settings_apk-debug.apk"
2016-02-10 18:57:27:090 - info: [debug] Pushing unlock helper app to device...
2016-02-10 18:57:27:091 - info: [debug] executing cmd: /Users/justin/Library/Android/sdk/platform-tools/adb -s emulator-5558 install "/usr/local/lib/node_modules/appium/build/unlock_apk/unlock_apk-debug.apk"
2016-02-10 18:57:27:396 - info: Starting App
2016-02-10 18:57:27:397 - info: [debug] Attempting to kill all 'uiautomator' processes
2016-02-10 18:57:27:398 - info: [debug] Getting all processes with 'uiautomator'
2016-02-10 18:57:27:399 - info: [debug] executing cmd: /Users/justin/Library/Android/sdk/platform-tools/adb -s emulator-5558 shell "ps 'uiautomator'"
2016-02-10 18:57:27:433 - info: [debug] No matching processes found
2016-02-10 18:57:27:434 - info: [debug] Running bootstrap
2016-02-10 18:57:27:434 - info: [debug] spawning: /Users/justin/Library/Android/sdk/platform-tools/adb -s emulator-5558 shell uiautomator runtest AppiumBootstrap.jar -c io.appium.android.bootstrap.Bootstrap -e pkg com.example.android.notepad -e disableAndroidWatchers false
2016-02-10 18:57:27:891 - info: [debug] [UIAUTOMATOR STDOUT] INSTRUMENTATION_STATUS: numtests=1
2016-02-10 18:57:27:994 - info: [debug] [UIAUTOMATOR STDOUT] INSTRUMENTATION_STATUS: stream=
2016-02-10 18:57:27:994 - info: [debug] [UIAUTOMATOR STDOUT] io.appium.android.bootstrap.Bootstrap:
2016-02-10 18:57:27:994 - info: [debug] [UIAUTOMATOR STDOUT] INSTRUMENTATION_STATUS: id=UiAutomatorTestRunner
2016-02-10 18:57:27:994 - info: [debug] [UIAUTOMATOR STDOUT] INSTRUMENTATION_STATUS: test=testRunServer
2016-02-10 18:57:27:995 - info: [debug] [UIAUTOMATOR STDOUT] INSTRUMENTATION_STATUS: class=io.appium.android.bootstrap.Bootstrap
2016-02-10 18:57:27:995 - info: [debug] [UIAUTOMATOR STDOUT] INSTRUMENTATION_STATUS: current=1
2016-02-10 18:57:27:995 - info: [debug] [UIAUTOMATOR STDOUT] INSTRUMENTATION_STATUS_CODE: 1
2016-02-10 18:57:27:995 - info: [debug] [BOOTSTRAP] [debug] Socket opened on port 4724
2016-02-10 18:57:27:995 - info: [debug] [BOOTSTRAP] [debug] Appium Socket Server Ready
2016-02-10 18:57:27:996 - info: [debug] [BOOTSTRAP] [debug] Loading json...
2016-02-10 18:57:27:996 - info: [debug] [BOOTSTRAP] [debug] json loading complete.
2016-02-10 18:57:27:997 - info: [debug] [BOOTSTRAP] [debug] Registered crash watchers.
2016-02-10 18:57:27:999 - info: [debug] Waking up device if it's not alive
2016-02-10 18:57:27:999 - info: [debug] Pushing command to appium work queue: ["wake",{}]
2016-02-10 18:57:28:017 - info: [debug] [BOOTSTRAP] [debug] Client connected
2016-02-10 18:57:28:019 - info: [debug] executing cmd: /Users/justin/Library/Android/sdk/platform-tools/adb -s emulator-5558 shell "dumpsys window"
2016-02-10 18:57:28:025 - info: [debug] [BOOTSTRAP] [debug] Got data from client: {"cmd":"action","action":"wake","params":{}}
2016-02-10 18:57:28:025 - info: [debug] [BOOTSTRAP] [debug] Got command of type ACTION
2016-02-10 18:57:28:025 - info: [debug] [BOOTSTRAP] [debug] Got command action: wake
2016-02-10 18:57:28:026 - info: [debug] [BOOTSTRAP] [debug] Returning result: {"status":0,"value":true}
2016-02-10 18:57:28:070 - info: Unlocking screen
2016-02-10 18:57:28:071 - info: [debug] Screen is locked, trying to unlock
2016-02-10 18:57:28:072 - info: [debug] Getting device API level
2016-02-10 18:57:28:073 - info: [debug] executing cmd: /Users/justin/Library/Android/sdk/platform-tools/adb -s emulator-5558 shell "getprop ro.build.version.sdk"
2016-02-10 18:57:28:177 - info: [debug] Device is at API Level 22
2016-02-10 18:57:28:181 - info: [debug] executing cmd: /Users/justin/Library/Android/sdk/platform-tools/adb -s emulator-5558 shell "am start -S -a android.intent.action.MAIN -c android.intent.category.LAUNCHER -f 0x10200000 -n io.appium.unlock/.Unlock"
2016-02-10 18:57:28:190 - info: --> GET /wd/hub/status {}
2016-02-10 18:57:28:191 - info: [debug] Responding to client with success: {"status":0,"value":{"build":{"version":"1.4.16","revision":"ae6877eff263066b26328d457bd285c0cc62430d"}},"sessionId":"a754355e-e12e-483c-a98a-44ac40291a38"}
2016-02-10 18:57:28:195 - info: <-- GET /wd/hub/status 200 5.094 ms - 156 {"status":0,"value":{"build":{"version":"1.4.16","revision":"ae6877eff263066b26328d457bd285c0cc62430d"}},"sessionId":"a754355e-e12e-483c-a98a-44ac40291a38"}
2016-02-10 18:57:28:328 - info: [debug] [BOOTSTRAP] [debug] Emitting system alert message
2016-02-10 18:57:28:328 - info: [debug] Emitting alert message...
2016-02-10 18:57:29:018 - info: [debug] executing cmd: /Users/justin/Library/Android/sdk/platform-tools/adb -s emulator-5558 shell "dumpsys window"
2016-02-10 18:57:29:274 - info: --> GET /wd/hub/status {}
2016-02-10 18:57:29:274 - info: [debug] Responding to client with success: {"status":0,"value":{"build":{"version":"1.4.16","revision":"ae6877eff263066b26328d457bd285c0cc62430d"}},"sessionId":"a754355e-e12e-483c-a98a-44ac40291a38"}
2016-02-10 18:57:29:276 - info: <-- GET /wd/hub/status 200 2.347 ms - 156 {"status":0,"value":{"build":{"version":"1.4.16","revision":"ae6877eff263066b26328d457bd285c0cc62430d"}},"sessionId":"a754355e-e12e-483c-a98a-44ac40291a38"}
2016-02-10 18:57:29:302 - info: [debug] Screen is unlocked, continuing
2016-02-10 18:57:29:302 - info: [debug] Pushing command to appium work queue: ["getDataDir",{}]
2016-02-10 18:57:29:369 - info: [debug] [BOOTSTRAP] [debug] Got data from client: {"cmd":"action","action":"getDataDir","params":{}}
2016-02-10 18:57:29:370 - info: [debug] [BOOTSTRAP] [debug] Got command of type ACTION
2016-02-10 18:57:29:370 - info: [debug] [BOOTSTRAP] [debug] Got command action: getDataDir
2016-02-10 18:57:29:370 - info: [debug] [BOOTSTRAP] [debug] Returning result: {"status":0,"value":"\/data"}
2016-02-10 18:57:29:385 - info: [debug] dataDir set to: /data
2016-02-10 18:57:29:386 - info: [debug] Pushing command to appium work queue: ["compressedLayoutHierarchy",{"compressLayout":false}]
2016-02-10 18:57:29:396 - info: [debug] [BOOTSTRAP] [debug] Got data from client: {"cmd":"action","action":"compressedLayoutHierarchy","params":{"compressLayout":false}}
2016-02-10 18:57:29:396 - info: [debug] [BOOTSTRAP] [debug] Got command of type ACTION
2016-02-10 18:57:29:396 - info: [debug] [BOOTSTRAP] [debug] Got command action: compressedLayoutHierarchy
2016-02-10 18:57:29:494 - info: [debug] [BOOTSTRAP] [debug] Returning result: {"status":0,"value":false}
2016-02-10 18:57:29:495 - info: [debug] Getting device API level
2016-02-10 18:57:29:496 - info: [debug] executing cmd: /Users/justin/Library/Android/sdk/platform-tools/adb -s emulator-5558 shell "getprop ro.build.version.sdk"
2016-02-10 18:57:29:710 - info: [debug] Device is at API Level 22
2016-02-10 18:57:29:711 - info: [debug] executing cmd: /Users/justin/Library/Android/sdk/platform-tools/adb -s emulator-5558 shell "am start -S -a android.intent.action.MAIN -c android.intent.category.LAUNCHER -f 0x10200000 -n com.example.android.notepad/com.example.android.notepad.NotesList"
2016-02-10 18:57:31:046 - info: [debug] Waiting for pkg "com.example.android.notepad" and activity "com.example.android.notepad.NotesList" to be focused
2016-02-10 18:57:31:047 - info: [debug] Getting focused package and activity
2016-02-10 18:57:31:049 - info: [debug] executing cmd: /Users/justin/Library/Android/sdk/platform-tools/adb -s emulator-5558 shell "dumpsys window windows"
2016-02-10 18:57:31:808 - info: [debug] executing cmd: /Users/justin/Library/Android/sdk/platform-tools/adb -s emulator-5558 shell "getprop ro.build.version.release"
2016-02-10 18:57:31:907 - info: [debug] Device is at release version 5.1.1
2016-02-10 18:57:31:907 - info: [debug] Device launched! Ready for commands
2016-02-10 18:57:31:908 - info: [debug] Setting command timeout to the default of 60 secs
2016-02-10 18:57:31:909 - info: [debug] Appium session started with sessionId a754355e-e12e-483c-a98a-44ac40291a38
2016-02-10 18:57:31:914 - info: <-- POST /wd/hub/session 303 11883.522 ms - 74 
2016-02-10 18:57:31:927 - info: --> GET /wd/hub/session/a754355e-e12e-483c-a98a-44ac40291a38 {}
2016-02-10 18:57:31:928 - info: [debug] Responding to client with success: {"status":0,"value":{"platform":"LINUX","browserName":"Android","platformVersion":"5.1.1","webStorageEnabled":false,"takesScreenshot":true,"javascriptEnabled":true,"databaseEnabled":false,"networkConnectionEnabled":true,"locationContextEnabled":false,"warnings":{},"desired":{"app":"/Users/justin/repos/appium-mobile-grid/NotesList.apk","platformVersion":"4.3","deviceName":"android","platformName":"ANDROID","appium-version":"1.4.16","name":"Add Note Scenarios emulator-5558","udid":"emulator-5558"},"app":"/Users/justin/repos/appium-mobile-grid/NotesList.apk","deviceName":"emulator-5558","platformName":"ANDROID","appium-version":"1.4.16","name":"Add Note Scenarios emulator-5558","udid":"emulator-5558"},"sessionId":"a754355e-e12e-483c-a98a-44ac40291a38"}
2016-02-10 18:57:31:930 - info: <-- GET /wd/hub/session/a754355e-e12e-483c-a98a-44ac40291a38 200 3.636 ms - 759 {"status":0,"value":{"platform":"LINUX","browserName":"Android","platformVersion":"5.1.1","webStorageEnabled":false,"takesScreenshot":true,"javascriptEnabled":true,"databaseEnabled":false,"networkConnectionEnabled":true,"locationContextEnabled":false,"warnings":{},"desired":{"app":"/Users/justin/repos/appium-mobile-grid/NotesList.apk","platformVersion":"4.3","deviceName":"android","platformName":"ANDROID","appium-version":"1.4.16","name":"Add Note Scenarios emulator-5558","udid":"emulator-5558"},"app":"/Users/justin/repos/appium-mobile-grid/NotesList.apk","deviceName":"emulator-5558","platformName":"ANDROID","appium-version":"1.4.16","name":"Add Note Scenarios emulator-5558","udid":"emulator-5558"},"sessionId":"a754355e-e12e-483c-a98a-44ac40291a38"}
2016-02-10 18:57:31:943 - info: --> POST /wd/hub/session/a754355e-e12e-483c-a98a-44ac40291a38/timeouts/implicit_wait {"ms":30000}
2016-02-10 18:57:31:946 - info: [debug] Set Android implicit wait to 30000ms
2016-02-10 18:57:31:946 - info: [debug] Responding to client with success: {"status":0,"value":null,"sessionId":"a754355e-e12e-483c-a98a-44ac40291a38"}
2016-02-10 18:57:31:947 - info: <-- POST /wd/hub/session/a754355e-e12e-483c-a98a-44ac40291a38/timeouts/implicit_wait 200 4.688 ms - 76 {"status":0,"value":null,"sessionId":"a754355e-e12e-483c-a98a-44ac40291a38"}
2016-02-10 18:57:32:033 - info: --> POST /wd/hub/session/a754355e-e12e-483c-a98a-44ac40291a38/element {"using":"id","value":"android:id/action_bar_title"}
2016-02-10 18:57:32:035 - info: [debug] Waiting up to 30000ms for condition
2016-02-10 18:57:32:036 - info: [debug] Pushing command to appium work queue: ["find",{"strategy":"id","selector":"android:id/action_bar_title","context":"","multiple":false}]
2016-02-10 18:57:32:046 - info: [debug] [BOOTSTRAP] [debug] Got data from client: {"cmd":"action","action":"find","params":{"strategy":"id","selector":"android:id/action_bar_title","context":"","multiple":false}}
2016-02-10 18:57:32:046 - info: [debug] [BOOTSTRAP] [debug] Got command of type ACTION
2016-02-10 18:57:32:046 - info: [debug] [BOOTSTRAP] [debug] Got command action: find
2016-02-10 18:57:32:047 - info: [debug] [BOOTSTRAP] [debug] Finding android:id/action_bar_title using ID with the contextId:  multiple: false
2016-02-10 18:57:32:047 - info: [debug] [BOOTSTRAP] [debug] Using: UiSelector[INSTANCE=0, RESOURCE_ID=android:id/action_bar_title]
2016-02-10 18:57:32:342 - info: [debug] [BOOTSTRAP] [debug] Returning result: {"status":0,"value":{"ELEMENT":"1"}}
2016-02-10 18:57:32:343 - info: [debug] Responding to client with success: {"status":0,"value":{"ELEMENT":"1"},"sessionId":"a754355e-e12e-483c-a98a-44ac40291a38"}
2016-02-10 18:57:32:344 - info: <-- POST /wd/hub/session/a754355e-e12e-483c-a98a-44ac40291a38/element 200 310.795 ms - 87 {"status":0,"value":{"ELEMENT":"1"},"sessionId":"a754355e-e12e-483c-a98a-44ac40291a38"}
2016-02-10 18:57:32:383 - info: --> GET /wd/hub/session/a754355e-e12e-483c-a98a-44ac40291a38/element/1/text {}
2016-02-10 18:57:32:385 - info: [debug] Pushing command to appium work queue: ["element:getText",{"elementId":"1"}]
2016-02-10 18:57:32:576 - info: [debug] [BOOTSTRAP] [debug] Got data from client: {"cmd":"action","action":"element:getText","params":{"elementId":"1"}}
2016-02-10 18:57:32:577 - info: [debug] [BOOTSTRAP] [debug] Got command of type ACTION
2016-02-10 18:57:32:577 - info: [debug] [BOOTSTRAP] [debug] Got command action: getText
2016-02-10 18:57:32:718 - info: [debug] [BOOTSTRAP] [debug] Returning result: {"status":0,"value":"Notes"}
2016-02-10 18:57:32:719 - info: [debug] Responding to client with success: {"status":0,"value":"Notes","sessionId":"a754355e-e12e-483c-a98a-44ac40291a38"}
2016-02-10 18:57:32:720 - info: <-- GET /wd/hub/session/a754355e-e12e-483c-a98a-44ac40291a38/element/1/text 200 337.734 ms - 79 {"status":0,"value":"Notes","sessionId":"a754355e-e12e-483c-a98a-44ac40291a38"}
2016-02-10 18:57:32:735 - info: --> POST /wd/hub/session/a754355e-e12e-483c-a98a-44ac40291a38/element {"using":"id","value":"com.example.android.notepad:id/menu_add"}
2016-02-10 18:57:32:736 - info: [debug] Waiting up to 30000ms for condition
2016-02-10 18:57:32:736 - info: [debug] Pushing command to appium work queue: ["find",{"strategy":"id","selector":"com.example.android.notepad:id/menu_add","context":"","multiple":false}]
2016-02-10 18:57:32:792 - info: [debug] [BOOTSTRAP] [debug] Got data from client: {"cmd":"action","action":"find","params":{"strategy":"id","selector":"com.example.android.notepad:id/menu_add","context":"","multiple":false}}
2016-02-10 18:57:32:800 - info: [debug] [BOOTSTRAP] [debug] Got command of type ACTION
2016-02-10 18:57:32:800 - info: [debug] [BOOTSTRAP] [debug] Got command action: find
2016-02-10 18:57:32:801 - info: [debug] [BOOTSTRAP] [debug] Finding com.example.android.notepad:id/menu_add using ID with the contextId:  multiple: false
2016-02-10 18:57:32:801 - info: [debug] [BOOTSTRAP] [debug] Using: UiSelector[INSTANCE=0, RESOURCE_ID=com.example.android.notepad:id/menu_add]
2016-02-10 18:57:32:909 - info: [debug] Responding to client with success: {"status":0,"value":{"ELEMENT":"2"},"sessionId":"a754355e-e12e-483c-a98a-44ac40291a38"}
2016-02-10 18:57:32:910 - info: <-- POST /wd/hub/session/a754355e-e12e-483c-a98a-44ac40291a38/element 200 174.945 ms - 87 {"status":0,"value":{"ELEMENT":"2"},"sessionId":"a754355e-e12e-483c-a98a-44ac40291a38"}
2016-02-10 18:57:32:913 - info: [debug] [BOOTSTRAP] [debug] Returning result: {"status":0,"value":{"ELEMENT":"2"}}
2016-02-10 18:57:32:920 - info: --> POST /wd/hub/session/a754355e-e12e-483c-a98a-44ac40291a38/element/2/click {}
2016-02-10 18:57:32:922 - info: [debug] Pushing command to appium work queue: ["element:click",{"elementId":"2"}]
2016-02-10 18:57:32:929 - info: [debug] [BOOTSTRAP] [debug] Got data from client: {"cmd":"action","action":"element:click","params":{"elementId":"2"}}
2016-02-10 18:57:32:929 - info: [debug] [BOOTSTRAP] [debug] Got command of type ACTION
2016-02-10 18:57:32:929 - info: [debug] [BOOTSTRAP] [debug] Got command action: click
2016-02-10 18:57:33:208 - info: --> GET /wd/hub/status {}
2016-02-10 18:57:33:208 - info: [debug] Responding to client with success: {"status":0,"value":{"build":{"version":"1.4.16","revision":"ae6877eff263066b26328d457bd285c0cc62430d"}},"sessionId":"a754355e-e12e-483c-a98a-44ac40291a38"}
2016-02-10 18:57:33:212 - info: <-- GET /wd/hub/status 200 5.741 ms - 156 {"status":0,"value":{"build":{"version":"1.4.16","revision":"ae6877eff263066b26328d457bd285c0cc62430d"}},"sessionId":"a754355e-e12e-483c-a98a-44ac40291a38"}
2016-02-10 18:57:33:748 - info: [debug] [BOOTSTRAP] [debug] Returning result: {"status":0,"value":true}
2016-02-10 18:57:33:751 - info: [debug] Responding to client with success: {"status":0,"value":true,"sessionId":"a754355e-e12e-483c-a98a-44ac40291a38"}
2016-02-10 18:57:33:752 - info: <-- POST /wd/hub/session/a754355e-e12e-483c-a98a-44ac40291a38/element/2/click 200 831.266 ms - 76 {"status":0,"value":true,"sessionId":"a754355e-e12e-483c-a98a-44ac40291a38"}
2016-02-10 18:57:33:763 - info: --> POST /wd/hub/session/a754355e-e12e-483c-a98a-44ac40291a38/element {"using":"id","value":"android:id/action_bar_title"}
2016-02-10 18:57:33:765 - info: [debug] Waiting up to 30000ms for condition
2016-02-10 18:57:33:765 - info: [debug] Pushing command to appium work queue: ["find",{"strategy":"id","selector":"android:id/action_bar_title","context":"","multiple":false}]
2016-02-10 18:57:33:773 - info: [debug] [BOOTSTRAP] [debug] Got data from client: {"cmd":"action","action":"find","params":{"strategy":"id","selector":"android:id/action_bar_title","context":"","multiple":false}}
2016-02-10 18:57:33:774 - info: [debug] [BOOTSTRAP] [debug] Got command of type ACTION
2016-02-10 18:57:33:774 - info: [debug] [BOOTSTRAP] [debug] Got command action: find
2016-02-10 18:57:33:774 - info: [debug] [BOOTSTRAP] [debug] Finding android:id/action_bar_title using ID with the contextId:  multiple: false
2016-02-10 18:57:33:774 - info: [debug] [BOOTSTRAP] [debug] Using: UiSelector[INSTANCE=0, RESOURCE_ID=android:id/action_bar_title]
2016-02-10 18:57:34:420 - info: [debug] [BOOTSTRAP] [debug] Returning result: {"status":0,"value":{"ELEMENT":"3"}}
2016-02-10 18:57:34:422 - info: [debug] Responding to client with success: {"status":0,"value":{"ELEMENT":"3"},"sessionId":"a754355e-e12e-483c-a98a-44ac40291a38"}
2016-02-10 18:57:34:423 - info: <-- POST /wd/hub/session/a754355e-e12e-483c-a98a-44ac40291a38/element 200 659.526 ms - 87 {"status":0,"value":{"ELEMENT":"3"},"sessionId":"a754355e-e12e-483c-a98a-44ac40291a38"}
2016-02-10 18:57:34:432 - info: --> GET /wd/hub/session/a754355e-e12e-483c-a98a-44ac40291a38/element/3/text {}
2016-02-10 18:57:34:434 - info: [debug] Pushing command to appium work queue: ["element:getText",{"elementId":"3"}]
2016-02-10 18:57:34:439 - info: [debug] [BOOTSTRAP] [debug] Got data from client: {"cmd":"action","action":"element:getText","params":{"elementId":"3"}}
2016-02-10 18:57:34:440 - info: [debug] [BOOTSTRAP] [debug] Got command of type ACTION
2016-02-10 18:57:34:440 - info: [debug] [BOOTSTRAP] [debug] Got command action: getText
2016-02-10 18:57:34:450 - info: [debug] [BOOTSTRAP] [debug] Returning result: {"status":0,"value":"New note"}
2016-02-10 18:57:34:451 - info: [debug] Responding to client with success: {"status":0,"value":"New note","sessionId":"a754355e-e12e-483c-a98a-44ac40291a38"}
2016-02-10 18:57:34:452 - info: <-- GET /wd/hub/session/a754355e-e12e-483c-a98a-44ac40291a38/element/3/text 200 20.115 ms - 82 {"status":0,"value":"New note","sessionId":"a754355e-e12e-483c-a98a-44ac40291a38"}
2016-02-10 18:57:35:856 - info: --> POST /wd/hub/session/a754355e-e12e-483c-a98a-44ac40291a38/element {"using":"id","value":"com.example.android.notepad:id/note"}
2016-02-10 18:57:35:857 - info: [debug] Waiting up to 30000ms for condition
2016-02-10 18:57:35:858 - info: [debug] Pushing command to appium work queue: ["find",{"strategy":"id","selector":"com.example.android.notepad:id/note","context":"","multiple":false}]
2016-02-10 18:57:35:864 - info: [debug] [BOOTSTRAP] [debug] Got data from client: {"cmd":"action","action":"find","params":{"strategy":"id","selector":"com.example.android.notepad:id/note","context":"","multiple":false}}
2016-02-10 18:57:35:864 - info: [debug] [BOOTSTRAP] [debug] Got command of type ACTION
2016-02-10 18:57:35:865 - info: [debug] [BOOTSTRAP] [debug] Got command action: find
2016-02-10 18:57:35:865 - info: [debug] [BOOTSTRAP] [debug] Finding com.example.android.notepad:id/note using ID with the contextId:  multiple: false
2016-02-10 18:57:35:865 - info: [debug] [BOOTSTRAP] [debug] Using: UiSelector[INSTANCE=0, RESOURCE_ID=com.example.android.notepad:id/note]
2016-02-10 18:57:35:871 - info: [debug] [BOOTSTRAP] [debug] Returning result: {"status":0,"value":{"ELEMENT":"4"}}
2016-02-10 18:57:35:872 - info: [debug] Responding to client with success: {"status":0,"value":{"ELEMENT":"4"},"sessionId":"a754355e-e12e-483c-a98a-44ac40291a38"}
2016-02-10 18:57:35:873 - info: <-- POST /wd/hub/session/a754355e-e12e-483c-a98a-44ac40291a38/element 200 17.224 ms - 87 {"status":0,"value":{"ELEMENT":"4"},"sessionId":"a754355e-e12e-483c-a98a-44ac40291a38"}
2016-02-10 18:57:35:970 - info: --> POST /wd/hub/session/a754355e-e12e-483c-a98a-44ac40291a38/element/4/value {"value":["Odit fuga voluptatibus qui in."]}
2016-02-10 18:57:35:970 - info: [debug] Pushing command to appium work queue: ["element:setText",{"elementId":"4","text":"Odit fuga voluptatibus qui in.","replace":false}]
2016-02-10 18:57:35:976 - info: [debug] [BOOTSTRAP] [debug] Got data from client: {"cmd":"action","action":"element:setText","params":{"elementId":"4","text":"Odit fuga voluptatibus qui in.","replace":false}}
2016-02-10 18:57:35:976 - info: [debug] [BOOTSTRAP] [debug] Got command of type ACTION
2016-02-10 18:57:35:976 - info: [debug] [BOOTSTRAP] [debug] Got command action: setText
2016-02-10 18:57:35:976 - info: [debug] [BOOTSTRAP] [debug] Using element passed in.
2016-02-10 18:57:36:012 - info: [debug] [BOOTSTRAP] [debug] Attempting to clear using UiObject.clearText().
2016-02-10 18:57:38:236 - info: --> GET /wd/hub/status {}
2016-02-10 18:57:38:237 - info: [debug] Responding to client with success: {"status":0,"value":{"build":{"version":"1.4.16","revision":"ae6877eff263066b26328d457bd285c0cc62430d"}},"sessionId":"a754355e-e12e-483c-a98a-44ac40291a38"}
2016-02-10 18:57:38:238 - info: <-- GET /wd/hub/status 200 3.018 ms - 156 {"status":0,"value":{"build":{"version":"1.4.16","revision":"ae6877eff263066b26328d457bd285c0cc62430d"}},"sessionId":"a754355e-e12e-483c-a98a-44ac40291a38"}
2016-02-10 18:57:38:429 - info: [debug] [BOOTSTRAP] [debug] Sending plain text to element: Odit fuga voluptatibus qui in.
2016-02-10 18:57:42:730 - info: [debug] [BOOTSTRAP] [debug] Returning result: {"status":0,"value":true}
2016-02-10 18:57:42:731 - info: [debug] Responding to client with success: {"status":0,"value":true,"sessionId":"a754355e-e12e-483c-a98a-44ac40291a38"}
2016-02-10 18:57:42:731 - info: <-- POST /wd/hub/session/a754355e-e12e-483c-a98a-44ac40291a38/element/4/value 200 6761.772 ms - 76 {"status":0,"value":true,"sessionId":"a754355e-e12e-483c-a98a-44ac40291a38"}
2016-02-10 18:57:42:740 - info: --> POST /wd/hub/session/a754355e-e12e-483c-a98a-44ac40291a38/element {"using":"id","value":"com.example.android.notepad:id/menu_save"}
2016-02-10 18:57:42:741 - info: [debug] Waiting up to 30000ms for condition
2016-02-10 18:57:42:741 - info: [debug] Pushing command to appium work queue: ["find",{"strategy":"id","selector":"com.example.android.notepad:id/menu_save","context":"","multiple":false}]
2016-02-10 18:57:42:749 - info: [debug] [BOOTSTRAP] [debug] Got data from client: {"cmd":"action","action":"find","params":{"strategy":"id","selector":"com.example.android.notepad:id/menu_save","context":"","multiple":false}}
2016-02-10 18:57:42:757 - info: [debug] [BOOTSTRAP] [debug] Got command of type ACTION
2016-02-10 18:57:42:757 - info: [debug] [BOOTSTRAP] [debug] Got command action: find
2016-02-10 18:57:42:757 - info: [debug] [BOOTSTRAP] [debug] Finding com.example.android.notepad:id/menu_save using ID with the contextId:  multiple: false
2016-02-10 18:57:42:780 - info: [debug] [BOOTSTRAP] [debug] Using: UiSelector[INSTANCE=0, RESOURCE_ID=com.example.android.notepad:id/menu_save]
2016-02-10 18:57:43:010 - info: [debug] Responding to client with success: {"status":0,"value":{"ELEMENT":"5"},"sessionId":"a754355e-e12e-483c-a98a-44ac40291a38"}
2016-02-10 18:57:43:012 - info: <-- POST /wd/hub/session/a754355e-e12e-483c-a98a-44ac40291a38/element 200 271.742 ms - 87 {"status":0,"value":{"ELEMENT":"5"},"sessionId":"a754355e-e12e-483c-a98a-44ac40291a38"}
2016-02-10 18:57:43:013 - info: [debug] [BOOTSTRAP] [debug] Returning result: {"status":0,"value":{"ELEMENT":"5"}}
2016-02-10 18:57:43:022 - info: --> POST /wd/hub/session/a754355e-e12e-483c-a98a-44ac40291a38/element/5/click {}
2016-02-10 18:57:43:023 - info: [debug] Pushing command to appium work queue: ["element:click",{"elementId":"5"}]
2016-02-10 18:57:43:042 - info: [debug] [BOOTSTRAP] [debug] Got data from client: {"cmd":"action","action":"element:click","params":{"elementId":"5"}}
2016-02-10 18:57:43:042 - info: [debug] [BOOTSTRAP] [debug] Got command of type ACTION
2016-02-10 18:57:43:043 - info: [debug] [BOOTSTRAP] [debug] Got command action: click
2016-02-10 18:57:43:246 - info: --> GET /wd/hub/status {}
2016-02-10 18:57:43:247 - info: [debug] Responding to client with success: {"status":0,"value":{"build":{"version":"1.4.16","revision":"ae6877eff263066b26328d457bd285c0cc62430d"}},"sessionId":"a754355e-e12e-483c-a98a-44ac40291a38"}
2016-02-10 18:57:43:249 - info: <-- GET /wd/hub/status 200 3.673 ms - 156 {"status":0,"value":{"build":{"version":"1.4.16","revision":"ae6877eff263066b26328d457bd285c0cc62430d"}},"sessionId":"a754355e-e12e-483c-a98a-44ac40291a38"}
2016-02-10 18:57:43:590 - info: [debug] Responding to client with success: {"status":0,"value":true,"sessionId":"a754355e-e12e-483c-a98a-44ac40291a38"}
2016-02-10 18:57:43:594 - info: <-- POST /wd/hub/session/a754355e-e12e-483c-a98a-44ac40291a38/element/5/click 200 572.168 ms - 76 {"status":0,"value":true,"sessionId":"a754355e-e12e-483c-a98a-44ac40291a38"}
2016-02-10 18:57:43:595 - info: [debug] [BOOTSTRAP] [debug] Returning result: {"status":0,"value":true}
2016-02-10 18:57:43:602 - info: --> POST /wd/hub/session/a754355e-e12e-483c-a98a-44ac40291a38/element {"using":"id","value":"android:id/action_bar_title"}
2016-02-10 18:57:43:603 - info: [debug] Waiting up to 30000ms for condition
2016-02-10 18:57:43:603 - info: [debug] Pushing command to appium work queue: ["find",{"strategy":"id","selector":"android:id/action_bar_title","context":"","multiple":false}]
2016-02-10 18:57:43:611 - info: [debug] [BOOTSTRAP] [debug] Got data from client: {"cmd":"action","action":"find","params":{"strategy":"id","selector":"android:id/action_bar_title","context":"","multiple":false}}
2016-02-10 18:57:43:611 - info: [debug] [BOOTSTRAP] [debug] Got command of type ACTION
2016-02-10 18:57:43:612 - info: [debug] [BOOTSTRAP] [debug] Got command action: find
2016-02-10 18:57:43:612 - info: [debug] [BOOTSTRAP] [debug] Finding android:id/action_bar_title using ID with the contextId:  multiple: false
2016-02-10 18:57:43:612 - info: [debug] [BOOTSTRAP] [debug] Using: UiSelector[INSTANCE=0, RESOURCE_ID=android:id/action_bar_title]
2016-02-10 18:57:44:030 - info: [debug] [BOOTSTRAP] [debug] Returning result: {"status":0,"value":{"ELEMENT":"6"}}
2016-02-10 18:57:44:033 - info: [debug] Responding to client with success: {"status":0,"value":{"ELEMENT":"6"},"sessionId":"a754355e-e12e-483c-a98a-44ac40291a38"}
2016-02-10 18:57:44:034 - info: <-- POST /wd/hub/session/a754355e-e12e-483c-a98a-44ac40291a38/element 200 432.112 ms - 87 {"status":0,"value":{"ELEMENT":"6"},"sessionId":"a754355e-e12e-483c-a98a-44ac40291a38"}
2016-02-10 18:57:44:043 - info: --> GET /wd/hub/session/a754355e-e12e-483c-a98a-44ac40291a38/element/6/text {}
2016-02-10 18:57:44:044 - info: [debug] Pushing command to appium work queue: ["element:getText",{"elementId":"6"}]
2016-02-10 18:57:44:074 - info: [debug] [BOOTSTRAP] [debug] Got data from client: {"cmd":"action","action":"element:getText","params":{"elementId":"6"}}
2016-02-10 18:57:44:074 - info: [debug] [BOOTSTRAP] [debug] Got command of type ACTION
2016-02-10 18:57:44:074 - info: [debug] [BOOTSTRAP] [debug] Got command action: getText
