2016-02-10 18:57:12:969 - info: Welcome to Appium v1.4.16 (REV ae6877eff263066b26328d457bd285c0cc62430d)
2016-02-10 18:57:12:972 - info: Appium REST http interface listener started on 0.0.0.0:4001
2016-02-10 18:57:12:979 - info: [debug] Non-default server args: {"udid":"emulator-5558","port":4001,"bootstrapPort":2251,"log":"/Users/justin/repos/appium-mobile-grid/output/appium-emulator-5558.log","nodeconfig":"/Users/justin/repos/appium-mobile-grid/node_configs/emulator-5558.json","tmpDir":"/tmp/emulator-5558"}
2016-02-10 18:57:12:980 - info: Console LogLevel: debug
2016-02-10 18:57:12:980 - info: File LogLevel: debug
2016-02-10 18:57:12:991 - info: [debug] starting auto register thread for grid. Will try to register every 5000 ms.
2016-02-10 18:57:18:042 - info: [debug] Appium successfully registered with the grid on localhost:4444
2016-02-10 18:57:19:058 - info: --> POST /wd/hub/session {"desiredCapabilities":{"app":"/Users/justin/repos/appium-mobile-grid/NotesList.apk","platformVersion":"4.3","deviceName":"android","platformName":"ANDROID","appium-version":"1.4.16","name":"Add Note Scenarios emulator-5560","udid":"emulator-5560"}}
2016-02-10 18:57:19:061 - info: Client User-Agent string: appium/ruby_lib/8.0.2
2016-02-10 18:57:19:064 - info: [debug] The following desired capabilities were provided, but not recognized by appium. They will be passed on to any other services running on this server. : appium-version, name
2016-02-10 18:57:19:069 - info: [debug] No appActivity desired capability or server param. Parsing from apk.
2016-02-10 18:57:19:069 - info: [debug] No appPackage desired capability or server param. Parsing from apk.
2016-02-10 18:57:19:070 - info: [debug] Using local app from desired caps: /Users/justin/repos/appium-mobile-grid/NotesList.apk
2016-02-10 18:57:19:072 - info: [debug] Creating new appium session e7f24bb0-dab1-49dd-9f8b-dd80a12f42ce
2016-02-10 18:57:19:073 - info: Starting android appium
2016-02-10 18:57:19:075 - info: [debug] Getting Java version
2016-02-10 18:57:19:199 - info: Java version is: 1.7.0_79
2016-02-10 18:57:19:200 - info: [debug] Checking whether adb is present
2016-02-10 18:57:19:204 - info: [debug] Using adb from /Users/justin/Library/Android/sdk/platform-tools/adb
2016-02-10 18:57:19:205 - info: [debug] Parsing package and activity from app manifest
2016-02-10 18:57:19:205 - info: [debug] Checking whether aapt is present
2016-02-10 18:57:19:206 - info: [debug] Using aapt from /Users/justin/Library/Android/sdk/build-tools/23.0.2/aapt
2016-02-10 18:57:19:207 - info: [debug] Extracting package and launch activity from manifest.
2016-02-10 18:57:19:208 - info: [debug] executing cmd: /Users/justin/Library/Android/sdk/build-tools/23.0.2/aapt dump badging /Users/justin/repos/appium-mobile-grid/NotesList.apk
2016-02-10 18:57:19:232 - info: [debug] badging package: com.example.android.notepad
2016-02-10 18:57:19:234 - info: [debug] badging act: com.example.android.notepad.NotesList
2016-02-10 18:57:19:235 - info: [debug] Parsed package and activity are: com.example.android.notepad/com.example.android.notepad.NotesList
2016-02-10 18:57:19:236 - info: [debug] Using fast reset? true
2016-02-10 18:57:19:237 - info: [debug] Preparing device for session
2016-02-10 18:57:19:237 - info: [debug] Checking whether app is actually present
2016-02-10 18:57:19:238 - info: Retrieving device
2016-02-10 18:57:19:238 - info: [debug] Trying to find a connected android device
2016-02-10 18:57:19:239 - info: [debug] Getting connected devices...
2016-02-10 18:57:19:240 - info: [debug] executing cmd: /Users/justin/Library/Android/sdk/platform-tools/adb devices
2016-02-10 18:57:19:258 - info: [debug] 4 device(s) connected
2016-02-10 18:57:19:259 - info: Found device emulator-5560
2016-02-10 18:57:19:259 - info: [debug] Setting device id to emulator-5560
2016-02-10 18:57:19:260 - info: [debug] Waiting for device to be ready and to respond to shell commands (timeout = 5)
2016-02-10 18:57:19:260 - info: [debug] executing cmd: /Users/justin/Library/Android/sdk/platform-tools/adb -s emulator-5560 wait-for-device
2016-02-10 18:57:19:277 - info: [debug] executing cmd: /Users/justin/Library/Android/sdk/platform-tools/adb -s emulator-5560 shell "echo 'ready'"
2016-02-10 18:57:19:308 - info: [debug] Starting logcat capture
2016-02-10 18:57:19:331 - info: [debug] Getting device API level
2016-02-10 18:57:19:331 - info: [debug] executing cmd: /Users/justin/Library/Android/sdk/platform-tools/adb -s emulator-5560 shell "getprop ro.build.version.sdk"
2016-02-10 18:57:19:520 - info: [debug] Device is at API Level 23
2016-02-10 18:57:19:521 - info: Device API level is: 23
2016-02-10 18:57:19:521 - info: [debug] Extracting strings for language: default
2016-02-10 18:57:19:522 - info: [debug] executing cmd: /Users/justin/Library/Android/sdk/platform-tools/adb -s emulator-5560 shell "getprop persist.sys.language"
2016-02-10 18:57:19:630 - info: [debug] Current device persist.sys.language: 
2016-02-10 18:57:19:631 - info: [debug] java -jar "/usr/local/lib/node_modules/appium/node_modules/appium-adb/jars/appium_apk_tools.jar" "stringsFromApk" "/Users/justin/repos/appium-mobile-grid/NotesList.apk" "/tmp/emulator-5558/com.example.android.notepad" 
2016-02-10 18:57:20:327 - info: [debug] Reading strings from converted strings.json
2016-02-10 18:57:20:328 - info: [debug] Setting language to default
2016-02-10 18:57:20:330 - info: [debug] executing cmd: /Users/justin/Library/Android/sdk/platform-tools/adb -s emulator-5560 push "/tmp/emulator-5558/com.example.android.notepad/strings.json" /data/local/tmp
2016-02-10 18:57:20:363 - info: [debug] Checking whether aapt is present
2016-02-10 18:57:20:365 - info: [debug] Using aapt from /Users/justin/Library/Android/sdk/build-tools/23.0.2/aapt
2016-02-10 18:57:20:365 - info: [debug] Retrieving process from manifest.
2016-02-10 18:57:20:365 - info: [debug] executing cmd: /Users/justin/Library/Android/sdk/build-tools/23.0.2/aapt dump xmltree /Users/justin/repos/appium-mobile-grid/NotesList.apk AndroidManifest.xml
2016-02-10 18:57:20:380 - info: [debug] Set app process to: com.example.android.notepad
2016-02-10 18:57:20:380 - info: [debug] Not uninstalling app since server not started with --full-reset
2016-02-10 18:57:20:381 - info: [debug] Checking app cert for /Users/justin/repos/appium-mobile-grid/NotesList.apk.
2016-02-10 18:57:20:382 - info: [debug] executing cmd: java -jar /usr/local/lib/node_modules/appium/node_modules/appium-adb/jars/verify.jar /Users/justin/repos/appium-mobile-grid/NotesList.apk
2016-02-10 18:57:20:976 - info: [debug] App already signed.
2016-02-10 18:57:20:976 - info: [debug] Zip-aligning /Users/justin/repos/appium-mobile-grid/NotesList.apk
2016-02-10 18:57:20:977 - info: [debug] Checking whether zipalign is present
2016-02-10 18:57:20:979 - info: [debug] Using zipalign from /Users/justin/Library/Android/sdk/build-tools/23.0.2/zipalign
2016-02-10 18:57:20:981 - info: [debug] Zip-aligning apk.
2016-02-10 18:57:20:983 - info: [debug] executing cmd: /Users/justin/Library/Android/sdk/build-tools/23.0.2/zipalign -f 4 /Users/justin/repos/appium-mobile-grid/NotesList.apk /var/folders/j6/_bf_cvt13x5c8dsmr0ptsbxh0000gn/T/116110-3913-mm9jlm/appium.tmp
2016-02-10 18:57:21:004 - info: [debug] MD5 for app is 12218e2c7c285ed41b788b542a7ea298
2016-02-10 18:57:21:006 - info: [debug] executing cmd: /Users/justin/Library/Android/sdk/platform-tools/adb -s emulator-5560 shell "ls /data/local/tmp/12218e2c7c285ed41b788b542a7ea298.apk"
2016-02-10 18:57:21:054 - info: [debug] Getting install status for com.example.android.notepad
2016-02-10 18:57:21:055 - info: [debug] Getting device API level
2016-02-10 18:57:21:055 - info: [debug] executing cmd: /Users/justin/Library/Android/sdk/platform-tools/adb -s emulator-5560 shell "getprop ro.build.version.sdk"
2016-02-10 18:57:21:091 - info: [debug] Device is at API Level 23
2016-02-10 18:57:21:092 - info: [debug] executing cmd: /Users/justin/Library/Android/sdk/platform-tools/adb -s emulator-5560 shell "pm list packages -3 com.example.android.notepad"
2016-02-10 18:57:21:422 - info: [debug] App is not installed
2016-02-10 18:57:21:423 - info: Installing App
2016-02-10 18:57:21:424 - info: [debug] executing cmd: /Users/justin/Library/Android/sdk/platform-tools/adb -s emulator-5560 shell "mkdir -p /data/local/tmp/"
2016-02-10 18:57:21:457 - info: [debug] Removing any old apks
2016-02-10 18:57:21:460 - info: [debug] executing cmd: /Users/justin/Library/Android/sdk/platform-tools/adb -s emulator-5560 shell "ls /data/local/tmp/*.apk"
2016-02-10 18:57:21:496 - info: [debug] No apks to examine
2016-02-10 18:57:21:497 - info: [debug] executing cmd: /Users/justin/Library/Android/sdk/platform-tools/adb -s emulator-5560 push "/Users/justin/repos/appium-mobile-grid/NotesList.apk" /data/local/tmp/12218e2c7c285ed41b788b542a7ea298.apk
2016-02-10 18:57:21:575 - info: [debug] Uninstalling com.example.android.notepad
2016-02-10 18:57:21:577 - info: [debug] executing cmd: /Users/justin/Library/Android/sdk/platform-tools/adb -s emulator-5560 shell "am force-stop com.example.android.notepad"
2016-02-10 18:57:22:159 - info: [debug] executing cmd: /Users/justin/Library/Android/sdk/platform-tools/adb -s emulator-5560 uninstall com.example.android.notepad
2016-02-10 18:57:22:879 - info: [debug] App was not uninstalled, maybe it wasn't on device?
2016-02-10 18:57:22:880 - info: [debug] executing cmd: /Users/justin/Library/Android/sdk/platform-tools/adb -s emulator-5560 shell "pm install -r /data/local/tmp/12218e2c7c285ed41b788b542a7ea298.apk"
2016-02-10 18:57:23:076 - info: --> GET /wd/hub/status {}
2016-02-10 18:57:23:129 - info: [debug] Responding to client with success: {"status":0,"value":{"build":{"version":"1.4.16","revision":"ae6877eff263066b26328d457bd285c0cc62430d"}},"sessionId":"e7f24bb0-dab1-49dd-9f8b-dd80a12f42ce"}
2016-02-10 18:57:23:151 - info: <-- GET /wd/hub/status 200 75.107 ms - 156 {"status":0,"value":{"build":{"version":"1.4.16","revision":"ae6877eff263066b26328d457bd285c0cc62430d"}},"sessionId":"e7f24bb0-dab1-49dd-9f8b-dd80a12f42ce"}
2016-02-10 18:57:23:824 - info: [debug] Forwarding system:2251 to device:4724
2016-02-10 18:57:23:825 - info: [debug] executing cmd: /Users/justin/Library/Android/sdk/platform-tools/adb -s emulator-5560 forward tcp:2251 tcp:4724
2016-02-10 18:57:23:957 - info: [debug] Pushing appium bootstrap to device...
2016-02-10 18:57:23:959 - info: [debug] executing cmd: /Users/justin/Library/Android/sdk/platform-tools/adb -s emulator-5560 push "/usr/local/lib/node_modules/appium/build/android_bootstrap/AppiumBootstrap.jar" /data/local/tmp/
2016-02-10 18:57:24:037 - info: [debug] Pushing settings apk to device...
2016-02-10 18:57:24:039 - info: [debug] executing cmd: /Users/justin/Library/Android/sdk/platform-tools/adb -s emulator-5560 install "/usr/local/lib/node_modules/appium/build/settings_apk/settings_apk-debug.apk"
2016-02-10 18:57:24:777 - info: [debug] Pushing unlock helper app to device...
2016-02-10 18:57:24:778 - info: [debug] executing cmd: /Users/justin/Library/Android/sdk/platform-tools/adb -s emulator-5560 install "/usr/local/lib/node_modules/appium/build/unlock_apk/unlock_apk-debug.apk"
2016-02-10 18:57:25:648 - info: Starting App
2016-02-10 18:57:25:649 - info: [debug] Attempting to kill all 'uiautomator' processes
2016-02-10 18:57:25:650 - info: [debug] Getting all processes with 'uiautomator'
2016-02-10 18:57:25:651 - info: [debug] executing cmd: /Users/justin/Library/Android/sdk/platform-tools/adb -s emulator-5560 shell "ps 'uiautomator'"
2016-02-10 18:57:25:701 - info: [debug] No matching processes found
2016-02-10 18:57:25:702 - info: [debug] Running bootstrap
2016-02-10 18:57:25:704 - info: [debug] spawning: /Users/justin/Library/Android/sdk/platform-tools/adb -s emulator-5560 shell uiautomator runtest AppiumBootstrap.jar -c io.appium.android.bootstrap.Bootstrap -e pkg com.example.android.notepad -e disableAndroidWatchers false
2016-02-10 18:57:26:704 - info: [debug] [UIAUTOMATOR STDOUT] INSTRUMENTATION_STATUS: numtests=1
2016-02-10 18:57:26:720 - info: [debug] [UIAUTOMATOR STDOUT] INSTRUMENTATION_STATUS: stream=
2016-02-10 18:57:26:720 - info: [debug] [UIAUTOMATOR STDOUT] io.appium.android.bootstrap.Bootstrap:
2016-02-10 18:57:26:721 - info: [debug] [UIAUTOMATOR STDOUT] INSTRUMENTATION_STATUS: id=UiAutomatorTestRunner
2016-02-10 18:57:26:722 - info: [debug] [UIAUTOMATOR STDOUT] INSTRUMENTATION_STATUS: test=testRunServer
2016-02-10 18:57:26:722 - info: [debug] [UIAUTOMATOR STDOUT] INSTRUMENTATION_STATUS: class=io.appium.android.bootstrap.Bootstrap
2016-02-10 18:57:26:723 - info: [debug] [UIAUTOMATOR STDOUT] INSTRUMENTATION_STATUS: current=1
2016-02-10 18:57:26:723 - info: [debug] [UIAUTOMATOR STDOUT] INSTRUMENTATION_STATUS_CODE: 1
2016-02-10 18:57:26:792 - info: [debug] [BOOTSTRAP] [debug] Socket opened on port 4724
2016-02-10 18:57:26:835 - info: [debug] [BOOTSTRAP] [debug] Appium Socket Server Ready
2016-02-10 18:57:26:836 - info: [debug] [BOOTSTRAP] [debug] Loading json...
2016-02-10 18:57:26:836 - info: [debug] [BOOTSTRAP] [debug] json loading complete.
2016-02-10 18:57:26:839 - info: [debug] [BOOTSTRAP] [debug] Registered crash watchers.
2016-02-10 18:57:26:844 - info: [debug] Waking up device if it's not alive
2016-02-10 18:57:26:846 - info: [debug] Pushing command to appium work queue: ["wake",{}]
2016-02-10 18:57:26:867 - info: [debug] [BOOTSTRAP] [debug] Client connected
2016-02-10 18:57:26:870 - info: [debug] executing cmd: /Users/justin/Library/Android/sdk/platform-tools/adb -s emulator-5560 shell "dumpsys window"
2016-02-10 18:57:26:880 - info: [debug] [BOOTSTRAP] [debug] Got data from client: {"cmd":"action","action":"wake","params":{}}
2016-02-10 18:57:26:881 - info: [debug] [BOOTSTRAP] [debug] Got command of type ACTION
2016-02-10 18:57:26:881 - info: [debug] [BOOTSTRAP] [debug] Got command action: wake
2016-02-10 18:57:26:882 - info: [debug] [BOOTSTRAP] [debug] Returning result: {"status":0,"value":true}
2016-02-10 18:57:26:944 - info: [debug] Screen already unlocked, continuing.
2016-02-10 18:57:26:946 - info: [debug] Pushing command to appium work queue: ["getDataDir",{}]
2016-02-10 18:57:26:956 - info: [debug] dataDir set to: /data
2016-02-10 18:57:26:968 - info: [debug] Pushing command to appium work queue: ["compressedLayoutHierarchy",{"compressLayout":false}]
2016-02-10 18:57:26:970 - info: [debug] [BOOTSTRAP] [debug] Got data from client: {"cmd":"action","action":"getDataDir","params":{}}
2016-02-10 18:57:26:970 - info: [debug] [BOOTSTRAP] [debug] Got command of type ACTION
2016-02-10 18:57:26:980 - info: [debug] [BOOTSTRAP] [debug] Got command action: getDataDir
2016-02-10 18:57:27:002 - info: [debug] [BOOTSTRAP] [debug] Returning result: {"status":0,"value":"\/data"}
2016-02-10 18:57:27:007 - info: [debug] Getting device API level
2016-02-10 18:57:27:008 - info: [debug] executing cmd: /Users/justin/Library/Android/sdk/platform-tools/adb -s emulator-5560 shell "getprop ro.build.version.sdk"
2016-02-10 18:57:27:022 - info: [debug] [BOOTSTRAP] [debug] Got data from client: {"cmd":"action","action":"compressedLayoutHierarchy","params":{"compressLayout":false}}
2016-02-10 18:57:27:022 - info: [debug] [BOOTSTRAP] [debug] Got command of type ACTION
2016-02-10 18:57:27:025 - info: [debug] [BOOTSTRAP] [debug] Got command action: compressedLayoutHierarchy
2016-02-10 18:57:27:028 - info: [debug] [BOOTSTRAP] [debug] Returning result: {"status":0,"value":false}
2016-02-10 18:57:27:058 - info: [debug] Device is at API Level 23
2016-02-10 18:57:27:060 - info: [debug] executing cmd: /Users/justin/Library/Android/sdk/platform-tools/adb -s emulator-5560 shell "am start -S -a android.intent.action.MAIN -c android.intent.category.LAUNCHER -f 0x10200000 -n com.example.android.notepad/com.example.android.notepad.NotesList"
2016-02-10 18:57:28:156 - info: --> GET /wd/hub/status {}
2016-02-10 18:57:28:157 - info: [debug] Responding to client with success: {"status":0,"value":{"build":{"version":"1.4.16","revision":"ae6877eff263066b26328d457bd285c0cc62430d"}},"sessionId":"e7f24bb0-dab1-49dd-9f8b-dd80a12f42ce"}
2016-02-10 18:57:28:159 - info: <-- GET /wd/hub/status 200 3.537 ms - 156 {"status":0,"value":{"build":{"version":"1.4.16","revision":"ae6877eff263066b26328d457bd285c0cc62430d"}},"sessionId":"e7f24bb0-dab1-49dd-9f8b-dd80a12f42ce"}
2016-02-10 18:57:28:753 - info: [debug] Waiting for pkg "com.example.android.notepad" and activity "com.example.android.notepad.NotesList" to be focused
2016-02-10 18:57:28:754 - info: [debug] Getting focused package and activity
2016-02-10 18:57:28:755 - info: [debug] executing cmd: /Users/justin/Library/Android/sdk/platform-tools/adb -s emulator-5560 shell "dumpsys window windows"
2016-02-10 18:57:29:204 - info: [debug] executing cmd: /Users/justin/Library/Android/sdk/platform-tools/adb -s emulator-5560 shell "getprop ro.build.version.release"
2016-02-10 18:57:29:248 - info: --> GET /wd/hub/status {}
2016-02-10 18:57:29:248 - info: [debug] Responding to client with success: {"status":0,"value":{"build":{"version":"1.4.16","revision":"ae6877eff263066b26328d457bd285c0cc62430d"}},"sessionId":"e7f24bb0-dab1-49dd-9f8b-dd80a12f42ce"}
2016-02-10 18:57:29:249 - info: <-- GET /wd/hub/status 200 1.868 ms - 156 {"status":0,"value":{"build":{"version":"1.4.16","revision":"ae6877eff263066b26328d457bd285c0cc62430d"}},"sessionId":"e7f24bb0-dab1-49dd-9f8b-dd80a12f42ce"}
2016-02-10 18:57:29:416 - info: [debug] Device is at release version 6.0
2016-02-10 18:57:29:417 - info: [debug] Device launched! Ready for commands
2016-02-10 18:57:29:417 - info: [debug] Setting command timeout to the default of 60 secs
2016-02-10 18:57:29:418 - info: [debug] Appium session started with sessionId e7f24bb0-dab1-49dd-9f8b-dd80a12f42ce
2016-02-10 18:57:29:421 - info: <-- POST /wd/hub/session 303 10362.893 ms - 74 
2016-02-10 18:57:29:440 - info: --> GET /wd/hub/session/e7f24bb0-dab1-49dd-9f8b-dd80a12f42ce {}
2016-02-10 18:57:29:442 - info: [debug] Responding to client with success: {"status":0,"value":{"platform":"LINUX","browserName":"Android","platformVersion":"6.0","webStorageEnabled":false,"takesScreenshot":true,"javascriptEnabled":true,"databaseEnabled":false,"networkConnectionEnabled":true,"locationContextEnabled":false,"warnings":{},"desired":{"app":"/Users/justin/repos/appium-mobile-grid/NotesList.apk","platformVersion":"4.3","deviceName":"android","platformName":"ANDROID","appium-version":"1.4.16","name":"Add Note Scenarios emulator-5560","udid":"emulator-5560"},"app":"/Users/justin/repos/appium-mobile-grid/NotesList.apk","deviceName":"emulator-5560","platformName":"ANDROID","appium-version":"1.4.16","name":"Add Note Scenarios emulator-5560","udid":"emulator-5560"},"sessionId":"e7f24bb0-dab1-49dd-9f8b-dd80a12f42ce"}
2016-02-10 18:57:29:445 - info: <-- GET /wd/hub/session/e7f24bb0-dab1-49dd-9f8b-dd80a12f42ce 200 5.350 ms - 757 {"status":0,"value":{"platform":"LINUX","browserName":"Android","platformVersion":"6.0","webStorageEnabled":false,"takesScreenshot":true,"javascriptEnabled":true,"databaseEnabled":false,"networkConnectionEnabled":true,"locationContextEnabled":false,"warnings":{},"desired":{"app":"/Users/justin/repos/appium-mobile-grid/NotesList.apk","platformVersion":"4.3","deviceName":"android","platformName":"ANDROID","appium-version":"1.4.16","name":"Add Note Scenarios emulator-5560","udid":"emulator-5560"},"app":"/Users/justin/repos/appium-mobile-grid/NotesList.apk","deviceName":"emulator-5560","platformName":"ANDROID","appium-version":"1.4.16","name":"Add Note Scenarios emulator-5560","udid":"emulator-5560"},"sessionId":"e7f24bb0-dab1-49dd-9f8b-dd80a12f42ce"}
2016-02-10 18:57:29:490 - info: --> POST /wd/hub/session/e7f24bb0-dab1-49dd-9f8b-dd80a12f42ce/timeouts/implicit_wait {"ms":30000}
2016-02-10 18:57:29:495 - info: [debug] Set Android implicit wait to 30000ms
2016-02-10 18:57:29:496 - info: [debug] Responding to client with success: {"status":0,"value":null,"sessionId":"e7f24bb0-dab1-49dd-9f8b-dd80a12f42ce"}
2016-02-10 18:57:29:506 - info: <-- POST /wd/hub/session/e7f24bb0-dab1-49dd-9f8b-dd80a12f42ce/timeouts/implicit_wait 200 19.169 ms - 76 {"status":0,"value":null,"sessionId":"e7f24bb0-dab1-49dd-9f8b-dd80a12f42ce"}
2016-02-10 18:57:29:519 - info: --> POST /wd/hub/session/e7f24bb0-dab1-49dd-9f8b-dd80a12f42ce/element {"using":"id","value":"android:id/action_bar_title"}
2016-02-10 18:57:29:523 - info: [debug] Waiting up to 30000ms for condition
2016-02-10 18:57:29:524 - info: [debug] Pushing command to appium work queue: ["find",{"strategy":"id","selector":"android:id/action_bar_title","context":"","multiple":false}]
2016-02-10 18:57:29:711 - info: [debug] [BOOTSTRAP] [debug] Got data from client: {"cmd":"action","action":"find","params":{"strategy":"id","selector":"android:id/action_bar_title","context":"","multiple":false}}
2016-02-10 18:57:29:711 - info: [debug] [BOOTSTRAP] [debug] Got command of type ACTION
2016-02-10 18:57:29:712 - info: [debug] [BOOTSTRAP] [debug] Got command action: find
2016-02-10 18:57:29:712 - info: [debug] [BOOTSTRAP] [debug] Finding android:id/action_bar_title using ID with the contextId:  multiple: false
2016-02-10 18:57:29:712 - info: [debug] [BOOTSTRAP] [debug] Using: UiSelector[INSTANCE=0, RESOURCE_ID=android:id/action_bar_title]
2016-02-10 18:57:30:619 - info: [debug] [BOOTSTRAP] [debug] Returning result: {"status":0,"value":{"ELEMENT":"1"}}
2016-02-10 18:57:30:622 - info: [debug] Responding to client with success: {"status":0,"value":{"ELEMENT":"1"},"sessionId":"e7f24bb0-dab1-49dd-9f8b-dd80a12f42ce"}
2016-02-10 18:57:30:623 - info: <-- POST /wd/hub/session/e7f24bb0-dab1-49dd-9f8b-dd80a12f42ce/element 200 1104.153 ms - 87 {"status":0,"value":{"ELEMENT":"1"},"sessionId":"e7f24bb0-dab1-49dd-9f8b-dd80a12f42ce"}
2016-02-10 18:57:30:639 - info: --> GET /wd/hub/session/e7f24bb0-dab1-49dd-9f8b-dd80a12f42ce/element/1/text {}
2016-02-10 18:57:30:640 - info: [debug] Pushing command to appium work queue: ["element:getText",{"elementId":"1"}]
2016-02-10 18:57:30:670 - info: [debug] [BOOTSTRAP] [debug] Got data from client: {"cmd":"action","action":"element:getText","params":{"elementId":"1"}}
2016-02-10 18:57:30:670 - info: [debug] [BOOTSTRAP] [debug] Got command of type ACTION
2016-02-10 18:57:30:670 - info: [debug] [BOOTSTRAP] [debug] Got command action: getText
2016-02-10 18:57:30:732 - info: [debug] [BOOTSTRAP] [debug] Returning result: {"status":0,"value":"Notes"}
2016-02-10 18:57:30:734 - info: [debug] Responding to client with success: {"status":0,"value":"Notes","sessionId":"e7f24bb0-dab1-49dd-9f8b-dd80a12f42ce"}
2016-02-10 18:57:30:734 - info: <-- GET /wd/hub/session/e7f24bb0-dab1-49dd-9f8b-dd80a12f42ce/element/1/text 200 95.586 ms - 79 {"status":0,"value":"Notes","sessionId":"e7f24bb0-dab1-49dd-9f8b-dd80a12f42ce"}
2016-02-10 18:57:30:745 - info: --> POST /wd/hub/session/e7f24bb0-dab1-49dd-9f8b-dd80a12f42ce/element {"using":"id","value":"com.example.android.notepad:id/menu_add"}
2016-02-10 18:57:30:746 - info: [debug] Waiting up to 30000ms for condition
2016-02-10 18:57:30:747 - info: [debug] Pushing command to appium work queue: ["find",{"strategy":"id","selector":"com.example.android.notepad:id/menu_add","context":"","multiple":false}]
2016-02-10 18:57:30:755 - info: [debug] [BOOTSTRAP] [debug] Got data from client: {"cmd":"action","action":"find","params":{"strategy":"id","selector":"com.example.android.notepad:id/menu_add","context":"","multiple":false}}
2016-02-10 18:57:30:755 - info: [debug] [BOOTSTRAP] [debug] Got command of type ACTION
2016-02-10 18:57:30:756 - info: [debug] [BOOTSTRAP] [debug] Got command action: find
2016-02-10 18:57:30:757 - info: [debug] [BOOTSTRAP] [debug] Finding com.example.android.notepad:id/menu_add using ID with the contextId:  multiple: false
2016-02-10 18:57:30:757 - info: [debug] [BOOTSTRAP] [debug] Using: UiSelector[INSTANCE=0, RESOURCE_ID=com.example.android.notepad:id/menu_add]
2016-02-10 18:57:30:791 - info: [debug] [BOOTSTRAP] [debug] Returning result: {"status":0,"value":{"ELEMENT":"2"}}
2016-02-10 18:57:30:820 - info: [debug] Responding to client with success: {"status":0,"value":{"ELEMENT":"2"},"sessionId":"e7f24bb0-dab1-49dd-9f8b-dd80a12f42ce"}
2016-02-10 18:57:30:821 - info: <-- POST /wd/hub/session/e7f24bb0-dab1-49dd-9f8b-dd80a12f42ce/element 200 75.615 ms - 87 {"status":0,"value":{"ELEMENT":"2"},"sessionId":"e7f24bb0-dab1-49dd-9f8b-dd80a12f42ce"}
2016-02-10 18:57:30:917 - info: --> POST /wd/hub/session/e7f24bb0-dab1-49dd-9f8b-dd80a12f42ce/element/2/click {}
2016-02-10 18:57:30:918 - info: [debug] Pushing command to appium work queue: ["element:click",{"elementId":"2"}]
2016-02-10 18:57:30:929 - info: [debug] [BOOTSTRAP] [debug] Got data from client: {"cmd":"action","action":"element:click","params":{"elementId":"2"}}
2016-02-10 18:57:30:929 - info: [debug] [BOOTSTRAP] [debug] Got command of type ACTION
2016-02-10 18:57:30:930 - info: [debug] [BOOTSTRAP] [debug] Got command action: click
2016-02-10 18:57:33:123 - info: [debug] [BOOTSTRAP] [debug] Returning result: {"status":0,"value":true}
2016-02-10 18:57:33:125 - info: [debug] Responding to client with success: {"status":0,"value":true,"sessionId":"e7f24bb0-dab1-49dd-9f8b-dd80a12f42ce"}
2016-02-10 18:57:33:126 - info: <-- POST /wd/hub/session/e7f24bb0-dab1-49dd-9f8b-dd80a12f42ce/element/2/click 200 2209.039 ms - 76 {"status":0,"value":true,"sessionId":"e7f24bb0-dab1-49dd-9f8b-dd80a12f42ce"}
2016-02-10 18:57:33:142 - info: --> POST /wd/hub/session/e7f24bb0-dab1-49dd-9f8b-dd80a12f42ce/element {"using":"id","value":"android:id/action_bar_title"}
2016-02-10 18:57:33:144 - info: [debug] Waiting up to 30000ms for condition
2016-02-10 18:57:33:147 - info: [debug] Pushing command to appium work queue: ["find",{"strategy":"id","selector":"android:id/action_bar_title","context":"","multiple":false}]
2016-02-10 18:57:33:164 - info: [debug] [BOOTSTRAP] [debug] Got data from client: {"cmd":"action","action":"find","params":{"strategy":"id","selector":"android:id/action_bar_title","context":"","multiple":false}}
2016-02-10 18:57:33:164 - info: [debug] [BOOTSTRAP] [debug] Got command of type ACTION
2016-02-10 18:57:33:164 - info: [debug] [BOOTSTRAP] [debug] Got command action: find
2016-02-10 18:57:33:165 - info: [debug] [BOOTSTRAP] [debug] Finding android:id/action_bar_title using ID with the contextId:  multiple: false
2016-02-10 18:57:33:166 - info: [debug] [BOOTSTRAP] [debug] Using: UiSelector[INSTANCE=0, RESOURCE_ID=android:id/action_bar_title]
2016-02-10 18:57:33:170 - info: --> GET /wd/hub/status {}
2016-02-10 18:57:33:170 - info: [debug] Responding to client with success: {"status":0,"value":{"build":{"version":"1.4.16","revision":"ae6877eff263066b26328d457bd285c0cc62430d"}},"sessionId":"e7f24bb0-dab1-49dd-9f8b-dd80a12f42ce"}
2016-02-10 18:57:33:172 - info: <-- GET /wd/hub/status 200 2.279 ms - 156 {"status":0,"value":{"build":{"version":"1.4.16","revision":"ae6877eff263066b26328d457bd285c0cc62430d"}},"sessionId":"e7f24bb0-dab1-49dd-9f8b-dd80a12f42ce"}
2016-02-10 18:57:33:249 - info: [debug] [BOOTSTRAP] [debug] Returning result: {"status":0,"value":{"ELEMENT":"3"}}
2016-02-10 18:57:33:251 - info: [debug] Responding to client with success: {"status":0,"value":{"ELEMENT":"3"},"sessionId":"e7f24bb0-dab1-49dd-9f8b-dd80a12f42ce"}
2016-02-10 18:57:33:259 - info: <-- POST /wd/hub/session/e7f24bb0-dab1-49dd-9f8b-dd80a12f42ce/element 200 111.803 ms - 87 {"status":0,"value":{"ELEMENT":"3"},"sessionId":"e7f24bb0-dab1-49dd-9f8b-dd80a12f42ce"}
2016-02-10 18:57:33:267 - info: --> GET /wd/hub/session/e7f24bb0-dab1-49dd-9f8b-dd80a12f42ce/element/3/text {}
2016-02-10 18:57:33:268 - info: [debug] Pushing command to appium work queue: ["element:getText",{"elementId":"3"}]
2016-02-10 18:57:33:272 - info: [debug] [BOOTSTRAP] [debug] Got data from client: {"cmd":"action","action":"element:getText","params":{"elementId":"3"}}
2016-02-10 18:57:33:272 - info: [debug] [BOOTSTRAP] [debug] Got command of type ACTION
2016-02-10 18:57:33:272 - info: [debug] [BOOTSTRAP] [debug] Got command action: getText
2016-02-10 18:57:33:331 - info: [debug] [BOOTSTRAP] [debug] Returning result: {"status":0,"value":"New note"}
2016-02-10 18:57:33:333 - info: [debug] Responding to client with success: {"status":0,"value":"New note","sessionId":"e7f24bb0-dab1-49dd-9f8b-dd80a12f42ce"}
2016-02-10 18:57:33:338 - info: <-- GET /wd/hub/session/e7f24bb0-dab1-49dd-9f8b-dd80a12f42ce/element/3/text 200 70.381 ms - 82 {"status":0,"value":"New note","sessionId":"e7f24bb0-dab1-49dd-9f8b-dd80a12f42ce"}
2016-02-10 18:57:34:667 - info: --> POST /wd/hub/session/e7f24bb0-dab1-49dd-9f8b-dd80a12f42ce/element {"using":"id","value":"com.example.android.notepad:id/note"}
2016-02-10 18:57:34:668 - info: [debug] Waiting up to 30000ms for condition
2016-02-10 18:57:34:668 - info: [debug] Pushing command to appium work queue: ["find",{"strategy":"id","selector":"com.example.android.notepad:id/note","context":"","multiple":false}]
2016-02-10 18:57:34:676 - info: [debug] [BOOTSTRAP] [debug] Got data from client: {"cmd":"action","action":"find","params":{"strategy":"id","selector":"com.example.android.notepad:id/note","context":"","multiple":false}}
2016-02-10 18:57:34:676 - info: [debug] [BOOTSTRAP] [debug] Got command of type ACTION
2016-02-10 18:57:34:676 - info: [debug] [BOOTSTRAP] [debug] Got command action: find
2016-02-10 18:57:34:677 - info: [debug] [BOOTSTRAP] [debug] Finding com.example.android.notepad:id/note using ID with the contextId:  multiple: false
2016-02-10 18:57:34:677 - info: [debug] [BOOTSTRAP] [debug] Using: UiSelector[INSTANCE=0, RESOURCE_ID=com.example.android.notepad:id/note]
2016-02-10 18:57:34:771 - info: [debug] [BOOTSTRAP] [debug] Returning result: {"status":0,"value":{"ELEMENT":"4"}}
2016-02-10 18:57:34:773 - info: [debug] Responding to client with success: {"status":0,"value":{"ELEMENT":"4"},"sessionId":"e7f24bb0-dab1-49dd-9f8b-dd80a12f42ce"}
2016-02-10 18:57:34:774 - info: <-- POST /wd/hub/session/e7f24bb0-dab1-49dd-9f8b-dd80a12f42ce/element 200 107.119 ms - 87 {"status":0,"value":{"ELEMENT":"4"},"sessionId":"e7f24bb0-dab1-49dd-9f8b-dd80a12f42ce"}
2016-02-10 18:57:34:782 - info: --> POST /wd/hub/session/e7f24bb0-dab1-49dd-9f8b-dd80a12f42ce/element/4/value {"value":["Enim sed ex eius et consequatur fugit."]}
2016-02-10 18:57:34:783 - info: [debug] Pushing command to appium work queue: ["element:setText",{"elementId":"4","text":"Enim sed ex eius et consequatur fugit.","replace":false}]
2016-02-10 18:57:34:791 - info: [debug] [BOOTSTRAP] [debug] Got data from client: {"cmd":"action","action":"element:setText","params":{"elementId":"4","text":"Enim sed ex eius et consequatur fugit.","replace":false}}
2016-02-10 18:57:34:791 - info: [debug] [BOOTSTRAP] [debug] Got command of type ACTION
2016-02-10 18:57:34:792 - info: [debug] [BOOTSTRAP] [debug] Got command action: setText
2016-02-10 18:57:34:792 - info: [debug] [BOOTSTRAP] [debug] Using element passed in.
2016-02-10 18:57:34:834 - info: [debug] [BOOTSTRAP] [debug] Attempting to clear using UiObject.clearText().
2016-02-10 18:57:37:360 - info: [debug] [BOOTSTRAP] [debug] Sending plain text to element: Enim sed ex eius et consequatur fugit.
2016-02-10 18:57:38:185 - info: --> GET /wd/hub/status {}
2016-02-10 18:57:38:186 - info: [debug] Responding to client with success: {"status":0,"value":{"build":{"version":"1.4.16","revision":"ae6877eff263066b26328d457bd285c0cc62430d"}},"sessionId":"e7f24bb0-dab1-49dd-9f8b-dd80a12f42ce"}
2016-02-10 18:57:38:187 - info: <-- GET /wd/hub/status 200 3.515 ms - 156 {"status":0,"value":{"build":{"version":"1.4.16","revision":"ae6877eff263066b26328d457bd285c0cc62430d"}},"sessionId":"e7f24bb0-dab1-49dd-9f8b-dd80a12f42ce"}
2016-02-10 18:57:41:374 - info: [debug] [BOOTSTRAP] [debug] Returning result: {"status":0,"value":true}
2016-02-10 18:57:41:376 - info: [debug] Responding to client with success: {"status":0,"value":true,"sessionId":"e7f24bb0-dab1-49dd-9f8b-dd80a12f42ce"}
2016-02-10 18:57:41:376 - info: <-- POST /wd/hub/session/e7f24bb0-dab1-49dd-9f8b-dd80a12f42ce/element/4/value 200 6594.406 ms - 76 {"status":0,"value":true,"sessionId":"e7f24bb0-dab1-49dd-9f8b-dd80a12f42ce"}
2016-02-10 18:57:41:386 - info: --> POST /wd/hub/session/e7f24bb0-dab1-49dd-9f8b-dd80a12f42ce/element {"using":"id","value":"com.example.android.notepad:id/menu_save"}
2016-02-10 18:57:41:387 - info: [debug] Waiting up to 30000ms for condition
2016-02-10 18:57:41:388 - info: [debug] Pushing command to appium work queue: ["find",{"strategy":"id","selector":"com.example.android.notepad:id/menu_save","context":"","multiple":false}]
2016-02-10 18:57:41:402 - info: [debug] [BOOTSTRAP] [debug] Got data from client: {"cmd":"action","action":"find","params":{"strategy":"id","selector":"com.example.android.notepad:id/menu_save","context":"","multiple":false}}
2016-02-10 18:57:41:403 - info: [debug] [BOOTSTRAP] [debug] Got command of type ACTION
2016-02-10 18:57:41:403 - info: [debug] [BOOTSTRAP] [debug] Got command action: find
2016-02-10 18:57:41:403 - info: [debug] [BOOTSTRAP] [debug] Finding com.example.android.notepad:id/menu_save using ID with the contextId:  multiple: false
2016-02-10 18:57:41:404 - info: [debug] [BOOTSTRAP] [debug] Using: UiSelector[INSTANCE=0, RESOURCE_ID=com.example.android.notepad:id/menu_save]
2016-02-10 18:57:41:592 - info: [debug] Responding to client with success: {"status":0,"value":{"ELEMENT":"5"},"sessionId":"e7f24bb0-dab1-49dd-9f8b-dd80a12f42ce"}
2016-02-10 18:57:41:593 - info: <-- POST /wd/hub/session/e7f24bb0-dab1-49dd-9f8b-dd80a12f42ce/element 200 206.730 ms - 87 {"status":0,"value":{"ELEMENT":"5"},"sessionId":"e7f24bb0-dab1-49dd-9f8b-dd80a12f42ce"}
2016-02-10 18:57:41:594 - info: [debug] [BOOTSTRAP] [debug] Returning result: {"status":0,"value":{"ELEMENT":"5"}}
2016-02-10 18:57:41:602 - info: --> POST /wd/hub/session/e7f24bb0-dab1-49dd-9f8b-dd80a12f42ce/element/5/click {}
2016-02-10 18:57:41:602 - info: [debug] Pushing command to appium work queue: ["element:click",{"elementId":"5"}]
2016-02-10 18:57:41:611 - info: [debug] [BOOTSTRAP] [debug] Got data from client: {"cmd":"action","action":"element:click","params":{"elementId":"5"}}
2016-02-10 18:57:41:611 - info: [debug] [BOOTSTRAP] [debug] Got command of type ACTION
2016-02-10 18:57:41:614 - info: [debug] [BOOTSTRAP] [debug] Got command action: click
2016-02-10 18:57:42:509 - info: [debug] [BOOTSTRAP] [debug] Returning result: {"status":0,"value":true}
2016-02-10 18:57:42:512 - info: [debug] Responding to client with success: {"status":0,"value":true,"sessionId":"e7f24bb0-dab1-49dd-9f8b-dd80a12f42ce"}
2016-02-10 18:57:42:513 - info: <-- POST /wd/hub/session/e7f24bb0-dab1-49dd-9f8b-dd80a12f42ce/element/5/click 200 911.850 ms - 76 {"status":0,"value":true,"sessionId":"e7f24bb0-dab1-49dd-9f8b-dd80a12f42ce"}
2016-02-10 18:57:42:532 - info: --> POST /wd/hub/session/e7f24bb0-dab1-49dd-9f8b-dd80a12f42ce/element {"using":"id","value":"android:id/action_bar_title"}
2016-02-10 18:57:42:533 - info: [debug] Waiting up to 30000ms for condition
2016-02-10 18:57:42:533 - info: [debug] Pushing command to appium work queue: ["find",{"strategy":"id","selector":"android:id/action_bar_title","context":"","multiple":false}]
2016-02-10 18:57:42:540 - info: [debug] [BOOTSTRAP] [debug] Got data from client: {"cmd":"action","action":"find","params":{"strategy":"id","selector":"android:id/action_bar_title","context":"","multiple":false}}
2016-02-10 18:57:42:540 - info: [debug] [BOOTSTRAP] [debug] Got command of type ACTION
2016-02-10 18:57:42:540 - info: [debug] [BOOTSTRAP] [debug] Got command action: find
2016-02-10 18:57:42:541 - info: [debug] [BOOTSTRAP] [debug] Finding android:id/action_bar_title using ID with the contextId:  multiple: false
2016-02-10 18:57:42:541 - info: [debug] [BOOTSTRAP] [debug] Using: UiSelector[INSTANCE=0, RESOURCE_ID=android:id/action_bar_title]
2016-02-10 18:57:42:927 - info: [debug] Responding to client with success: {"status":0,"value":{"ELEMENT":"6"},"sessionId":"e7f24bb0-dab1-49dd-9f8b-dd80a12f42ce"}
2016-02-10 18:57:42:928 - info: <-- POST /wd/hub/session/e7f24bb0-dab1-49dd-9f8b-dd80a12f42ce/element 200 395.578 ms - 87 {"status":0,"value":{"ELEMENT":"6"},"sessionId":"e7f24bb0-dab1-49dd-9f8b-dd80a12f42ce"}
2016-02-10 18:57:42:929 - info: [debug] [BOOTSTRAP] [debug] Returning result: {"status":0,"value":{"ELEMENT":"6"}}
2016-02-10 18:57:42:940 - info: --> GET /wd/hub/session/e7f24bb0-dab1-49dd-9f8b-dd80a12f42ce/element/6/text {}
2016-02-10 18:57:42:941 - info: [debug] Pushing command to appium work queue: ["element:getText",{"elementId":"6"}]
2016-02-10 18:57:42:962 - info: [debug] [BOOTSTRAP] [debug] Got data from client: {"cmd":"action","action":"element:getText","params":{"elementId":"6"}}
2016-02-10 18:57:42:963 - info: [debug] [BOOTSTRAP] [debug] Got command of type ACTION
2016-02-10 18:57:42:963 - info: [debug] [BOOTSTRAP] [debug] Got command action: getText
2016-02-10 18:57:43:212 - info: --> GET /wd/hub/status {}
2016-02-10 18:57:43:213 - info: [debug] Responding to client with success: {"status":0,"value":{"build":{"version":"1.4.16","revision":"ae6877eff263066b26328d457bd285c0cc62430d"}},"sessionId":"e7f24bb0-dab1-49dd-9f8b-dd80a12f42ce"}
2016-02-10 18:57:43:214 - info: <-- GET /wd/hub/status 200 1.539 ms - 156 {"status":0,"value":{"build":{"version":"1.4.16","revision":"ae6877eff263066b26328d457bd285c0cc62430d"}},"sessionId":"e7f24bb0-dab1-49dd-9f8b-dd80a12f42ce"}
2016-02-10 18:57:43:626 - info: [debug] [BOOTSTRAP] [debug] Returning result: {"status":0,"value":"Notes"}
2016-02-10 18:57:43:626 - info: [debug] Responding to client with success: {"status":0,"value":"Notes","sessionId":"e7f24bb0-dab1-49dd-9f8b-dd80a12f42ce"}
2016-02-10 18:57:43:627 - info: <-- GET /wd/hub/session/e7f24bb0-dab1-49dd-9f8b-dd80a12f42ce/element/6/text 200 687.916 ms - 79 {"status":0,"value":"Notes","sessionId":"e7f24bb0-dab1-49dd-9f8b-dd80a12f42ce"}
2016-02-10 18:57:43:636 - info: --> POST /wd/hub/session/e7f24bb0-dab1-49dd-9f8b-dd80a12f42ce/element {"using":"id","value":"android:id/text1"}
2016-02-10 18:57:43:637 - info: [debug] Waiting up to 30000ms for condition
2016-02-10 18:57:43:637 - info: [debug] Pushing command to appium work queue: ["find",{"strategy":"id","selector":"android:id/text1","context":"","multiple":false}]
2016-02-10 18:57:43:645 - info: [debug] [BOOTSTRAP] [debug] Got data from client: {"cmd":"action","action":"find","params":{"strategy":"id","selector":"android:id/text1","context":"","multiple":false}}
2016-02-10 18:57:43:645 - info: [debug] [BOOTSTRAP] [debug] Got command of type ACTION
2016-02-10 18:57:43:645 - info: [debug] [BOOTSTRAP] [debug] Got command action: find
2016-02-10 18:57:43:645 - info: [debug] [BOOTSTRAP] [debug] Finding android:id/text1 using ID with the contextId:  multiple: false
2016-02-10 18:57:43:645 - info: [debug] [BOOTSTRAP] [debug] Using: UiSelector[INSTANCE=0, RESOURCE_ID=android:id/text1]
2016-02-10 18:57:43:674 - info: [debug] [BOOTSTRAP] [debug] Returning result: {"status":0,"value":{"ELEMENT":"7"}}
2016-02-10 18:57:43:675 - info: [debug] Responding to client with success: {"status":0,"value":{"ELEMENT":"7"},"sessionId":"e7f24bb0-dab1-49dd-9f8b-dd80a12f42ce"}
2016-02-10 18:57:43:676 - info: <-- POST /wd/hub/session/e7f24bb0-dab1-49dd-9f8b-dd80a12f42ce/element 200 39.834 ms - 87 {"status":0,"value":{"ELEMENT":"7"},"sessionId":"e7f24bb0-dab1-49dd-9f8b-dd80a12f42ce"}
2016-02-10 18:57:43:684 - info: --> GET /wd/hub/session/e7f24bb0-dab1-49dd-9f8b-dd80a12f42ce/element/7/text {}
2016-02-10 18:57:43:684 - info: [debug] Pushing command to appium work queue: ["element:getText",{"elementId":"7"}]
2016-02-10 18:57:43:691 - info: [debug] [BOOTSTRAP] [debug] Got data from client: {"cmd":"action","action":"element:getText","params":{"elementId":"7"}}
2016-02-10 18:57:43:691 - info: [debug] [BOOTSTRAP] [debug] Got command of type ACTION
2016-02-10 18:57:43:691 - info: [debug] [BOOTSTRAP] [debug] Got command action: getText
2016-02-10 18:57:43:696 - info: [debug] [BOOTSTRAP] [debug] Returning result: {"status":0,"value":"Enim sed ex eius et consequatur fugit."}
2016-02-10 18:57:43:697 - info: [debug] Responding to client with success: {"status":0,"value":"Enim sed ex eius et consequatur fugit.","sessionId":"e7f24bb0-dab1-49dd-9f8b-dd80a12f42ce"}
2016-02-10 18:57:43:698 - info: <-- GET /wd/hub/session/e7f24bb0-dab1-49dd-9f8b-dd80a12f42ce/element/7/text 200 14.235 ms - 112 {"status":0,"value":"Enim sed ex eius et consequatur fugit.","sessionId":"e7f24bb0-dab1-49dd-9f8b-dd80a12f42ce"}
2016-02-10 18:57:43:750 - info: --> GET /wd/hub/session/e7f24bb0-dab1-49dd-9f8b-dd80a12f42ce/screenshot {}
2016-02-10 18:57:43:752 - info: [debug] executing cmd: /Users/justin/Library/Android/sdk/platform-tools/adb -s emulator-5560 shell "/system/bin/rm /data/local/tmp/screenshot.png; /system/bin/screencap -p /data/local/tmp/screenshot.png "
